running egg_info
creating ../../build/webcam_feed/webcam_feed.egg-info
writing ../../build/webcam_feed/webcam_feed.egg-info/PKG-INFO
writing dependency_links to ../../build/webcam_feed/webcam_feed.egg-info/dependency_links.txt
writing entry points to ../../build/webcam_feed/webcam_feed.egg-info/entry_points.txt
writing requirements to ../../build/webcam_feed/webcam_feed.egg-info/requires.txt
writing top-level names to ../../build/webcam_feed/webcam_feed.egg-info/top_level.txt
writing manifest file '../../build/webcam_feed/webcam_feed.egg-info/SOURCES.txt'
reading manifest file '../../build/webcam_feed/webcam_feed.egg-info/SOURCES.txt'
writing manifest file '../../build/webcam_feed/webcam_feed.egg-info/SOURCES.txt'
running build
running build_py
creating /home/beto/ackbot_ws/build/webcam_feed/build
creating /home/beto/ackbot_ws/build/webcam_feed/build/lib
creating /home/beto/ackbot_ws/build/webcam_feed/build/lib/webcam_feed
copying webcam_feed/__init__.py -> /home/beto/ackbot_ws/build/webcam_feed/build/lib/webcam_feed
copying webcam_feed/webcam_sub.py -> /home/beto/ackbot_ws/build/webcam_feed/build/lib/webcam_feed
running install
running install_lib
creating /home/beto/ackbot_ws/install/webcam_feed/lib/python3.10/site-packages/webcam_feed
copying /home/beto/ackbot_ws/build/webcam_feed/build/lib/webcam_feed/__init__.py -> /home/beto/ackbot_ws/install/webcam_feed/lib/python3.10/site-packages/webcam_feed
copying /home/beto/ackbot_ws/build/webcam_feed/build/lib/webcam_feed/webcam_sub.py -> /home/beto/ackbot_ws/install/webcam_feed/lib/python3.10/site-packages/webcam_feed
byte-compiling /home/beto/ackbot_ws/install/webcam_feed/lib/python3.10/site-packages/webcam_feed/__init__.py to __init__.cpython-310.pyc
byte-compiling /home/beto/ackbot_ws/install/webcam_feed/lib/python3.10/site-packages/webcam_feed/webcam_sub.py to webcam_sub.cpython-310.pyc
running install_data
creating /home/beto/ackbot_ws/install/webcam_feed/share/ament_index
creating /home/beto/ackbot_ws/install/webcam_feed/share/ament_index/resource_index
creating /home/beto/ackbot_ws/install/webcam_feed/share/ament_index/resource_index/packages
copying resource/webcam_feed -> /home/beto/ackbot_ws/install/webcam_feed/share/ament_index/resource_index/packages
copying package.xml -> /home/beto/ackbot_ws/install/webcam_feed/share/webcam_feed
running install_egg_info
Copying ../../build/webcam_feed/webcam_feed.egg-info to /home/beto/ackbot_ws/install/webcam_feed/lib/python3.10/site-packages/webcam_feed-0.0.0-py3.10.egg-info
running install_scripts
Installing img_subscriber script to /home/beto/ackbot_ws/install/webcam_feed/lib/webcam_feed
writing list of installed files to '/home/beto/ackbot_ws/build/webcam_feed/install.log'
