[0.863s] Invoking command in '/home/beto/ackbot_ws/src/ps4_controller': PYTHONPATH=/home/beto/ackbot_ws/build/ps4_controller/prefix_override:/usr/lib/python3/dist-packages/colcon_core/task/python/colcon_distutils_commands:/home/beto/ackbot_ws/install/ps4_controller/lib/python3.10/site-packages:${PYTHONPATH} /usr/bin/python3 -W ignore:setup.py install is deprecated setup.py egg_info --egg-base ../../build/ps4_controller build --build-base /home/beto/ackbot_ws/build/ps4_controller/build install --record /home/beto/ackbot_ws/build/ps4_controller/install.log --single-version-externally-managed install_data
[1.007s] running egg_info
[1.008s] writing ../../build/ps4_controller/ps4_controller.egg-info/PKG-INFO
[1.008s] writing dependency_links to ../../build/ps4_controller/ps4_controller.egg-info/dependency_links.txt
[1.008s] writing entry points to ../../build/ps4_controller/ps4_controller.egg-info/entry_points.txt
[1.008s] writing requirements to ../../build/ps4_controller/ps4_controller.egg-info/requires.txt
[1.008s] writing top-level names to ../../build/ps4_controller/ps4_controller.egg-info/top_level.txt
[1.009s] reading manifest file '../../build/ps4_controller/ps4_controller.egg-info/SOURCES.txt'
[1.010s] writing manifest file '../../build/ps4_controller/ps4_controller.egg-info/SOURCES.txt'
[1.010s] running build
[1.010s] running build_py
[1.010s] running install
[1.010s] running install_lib
[1.012s] running install_data
[1.012s] running install_egg_info
[1.014s] removing '/home/beto/ackbot_ws/install/ps4_controller/lib/python3.10/site-packages/ps4_controller-0.0.0-py3.10.egg-info' (and everything under it)
[1.014s] Copying ../../build/ps4_controller/ps4_controller.egg-info to /home/beto/ackbot_ws/install/ps4_controller/lib/python3.10/site-packages/ps4_controller-0.0.0-py3.10.egg-info
[1.015s] running install_scripts
[1.031s] Installing ps4_joy script to /home/beto/ackbot_ws/install/ps4_controller/lib/ps4_controller
[1.032s] writing list of installed files to '/home/beto/ackbot_ws/build/ps4_controller/install.log'
[1.052s] Invoked command in '/home/beto/ackbot_ws/src/ps4_controller' returned '0': PYTHONPATH=/home/beto/ackbot_ws/build/ps4_controller/prefix_override:/usr/lib/python3/dist-packages/colcon_core/task/python/colcon_distutils_commands:/home/beto/ackbot_ws/install/ps4_controller/lib/python3.10/site-packages:${PYTHONPATH} /usr/bin/python3 -W ignore:setup.py install is deprecated setup.py egg_info --egg-base ../../build/ps4_controller build --build-base /home/beto/ackbot_ws/build/ps4_controller/build install --record /home/beto/ackbot_ws/build/ps4_controller/install.log --single-version-externally-managed install_data
