[0.832s] Invoking command in '/home/beto/ackbot_ws/src/ps4_controller': PYTHONPATH=/home/beto/ackbot_ws/build/ps4_controller/prefix_override:/usr/lib/python3/dist-packages/colcon_core/task/python/colcon_distutils_commands:/home/beto/ackbot_ws/install/ps4_controller/lib/python3.10/site-packages:${PYTHONPATH} /usr/bin/python3 -W ignore:setup.py install is deprecated setup.py egg_info --egg-base ../../build/ps4_controller build --build-base /home/beto/ackbot_ws/build/ps4_controller/build install --record /home/beto/ackbot_ws/build/ps4_controller/install.log --single-version-externally-managed install_data
[0.959s] running egg_info
[0.959s] writing ../../build/ps4_controller/ps4_controller.egg-info/PKG-INFO
[0.960s] writing dependency_links to ../../build/ps4_controller/ps4_controller.egg-info/dependency_links.txt
[0.960s] writing entry points to ../../build/ps4_controller/ps4_controller.egg-info/entry_points.txt
[0.960s] writing requirements to ../../build/ps4_controller/ps4_controller.egg-info/requires.txt
[0.960s] writing top-level names to ../../build/ps4_controller/ps4_controller.egg-info/top_level.txt
[0.961s] reading manifest file '../../build/ps4_controller/ps4_controller.egg-info/SOURCES.txt'
[0.962s] writing manifest file '../../build/ps4_controller/ps4_controller.egg-info/SOURCES.txt'
[0.962s] running build
[0.962s] running build_py
[0.962s] running install
[0.963s] running install_lib
[0.963s] running install_data
[0.964s] running install_egg_info
[0.965s] removing '/home/beto/ackbot_ws/install/ps4_controller/lib/python3.10/site-packages/ps4_controller-0.0.0-py3.10.egg-info' (and everything under it)
[0.965s] Copying ../../build/ps4_controller/ps4_controller.egg-info to /home/beto/ackbot_ws/install/ps4_controller/lib/python3.10/site-packages/ps4_controller-0.0.0-py3.10.egg-info
[0.965s] running install_scripts
[0.979s] Installing ps4_joy script to /home/beto/ackbot_ws/install/ps4_controller/lib/ps4_controller
[0.980s] writing list of installed files to '/home/beto/ackbot_ws/build/ps4_controller/install.log'
[1.009s] Invoked command in '/home/beto/ackbot_ws/src/ps4_controller' returned '0': PYTHONPATH=/home/beto/ackbot_ws/build/ps4_controller/prefix_override:/usr/lib/python3/dist-packages/colcon_core/task/python/colcon_distutils_commands:/home/beto/ackbot_ws/install/ps4_controller/lib/python3.10/site-packages:${PYTHONPATH} /usr/bin/python3 -W ignore:setup.py install is deprecated setup.py egg_info --egg-base ../../build/ps4_controller build --build-base /home/beto/ackbot_ws/build/ps4_controller/build install --record /home/beto/ackbot_ws/build/ps4_controller/install.log --single-version-externally-managed install_data
