[0.830s] Invoking command in '/home/beto/ackbot_ws/src/ackbot_slam_launch': PYTHONPATH=/home/beto/ackbot_ws/build/ackbot_slam_launch/prefix_override:/usr/lib/python3/dist-packages/colcon_core/task/python/colcon_distutils_commands:/home/beto/ackbot_ws/install/ackbot_slam_launch/lib/python3.10/site-packages:${PYTHONPATH} /usr/bin/python3 -W ignore:setup.py install is deprecated setup.py egg_info --egg-base ../../build/ackbot_slam_launch build --build-base /home/beto/ackbot_ws/build/ackbot_slam_launch/build install --record /home/beto/ackbot_ws/build/ackbot_slam_launch/install.log --single-version-externally-managed install_data
[0.970s] running egg_info
[0.972s] writing ../../build/ackbot_slam_launch/ackbot_slam_launch.egg-info/PKG-INFO
[0.972s] writing dependency_links to ../../build/ackbot_slam_launch/ackbot_slam_launch.egg-info/dependency_links.txt
[0.972s] writing entry points to ../../build/ackbot_slam_launch/ackbot_slam_launch.egg-info/entry_points.txt
[0.972s] writing requirements to ../../build/ackbot_slam_launch/ackbot_slam_launch.egg-info/requires.txt
[0.972s] writing top-level names to ../../build/ackbot_slam_launch/ackbot_slam_launch.egg-info/top_level.txt
[0.973s] reading manifest file '../../build/ackbot_slam_launch/ackbot_slam_launch.egg-info/SOURCES.txt'
[0.973s] writing manifest file '../../build/ackbot_slam_launch/ackbot_slam_launch.egg-info/SOURCES.txt'
[0.974s] running build
[0.974s] running build_py
[0.975s] running install
[0.975s] running install_lib
[0.975s] running install_data
[0.975s] running install_egg_info
[0.976s] removing '/home/beto/ackbot_ws/install/ackbot_slam_launch/lib/python3.10/site-packages/ackbot_slam_launch-0.0.0-py3.10.egg-info' (and everything under it)
[0.976s] Copying ../../build/ackbot_slam_launch/ackbot_slam_launch.egg-info to /home/beto/ackbot_ws/install/ackbot_slam_launch/lib/python3.10/site-packages/ackbot_slam_launch-0.0.0-py3.10.egg-info
[0.976s] running install_scripts
[0.989s] writing list of installed files to '/home/beto/ackbot_ws/build/ackbot_slam_launch/install.log'
[1.022s] Invoked command in '/home/beto/ackbot_ws/src/ackbot_slam_launch' returned '0': PYTHONPATH=/home/beto/ackbot_ws/build/ackbot_slam_launch/prefix_override:/usr/lib/python3/dist-packages/colcon_core/task/python/colcon_distutils_commands:/home/beto/ackbot_ws/install/ackbot_slam_launch/lib/python3.10/site-packages:${PYTHONPATH} /usr/bin/python3 -W ignore:setup.py install is deprecated setup.py egg_info --egg-base ../../build/ackbot_slam_launch build --build-base /home/beto/ackbot_ws/build/ackbot_slam_launch/build install --record /home/beto/ackbot_ws/build/ackbot_slam_launch/install.log --single-version-externally-managed install_data
