[0.874s] Invoking command in '/home/beto/ackbot_ws/src/webcam_feed': PYTHONPATH=/home/beto/ackbot_ws/build/webcam_feed/prefix_override:/usr/lib/python3/dist-packages/colcon_core/task/python/colcon_distutils_commands:/home/beto/ackbot_ws/install/webcam_feed/lib/python3.10/site-packages:${PYTHONPATH} /usr/bin/python3 -W ignore:setup.py install is deprecated setup.py egg_info --egg-base ../../build/webcam_feed build --build-base /home/beto/ackbot_ws/build/webcam_feed/build install --record /home/beto/ackbot_ws/build/webcam_feed/install.log --single-version-externally-managed install_data
[1.032s] running egg_info
[1.032s] writing ../../build/webcam_feed/webcam_feed.egg-info/PKG-INFO
[1.033s] writing dependency_links to ../../build/webcam_feed/webcam_feed.egg-info/dependency_links.txt
[1.033s] writing entry points to ../../build/webcam_feed/webcam_feed.egg-info/entry_points.txt
[1.033s] writing requirements to ../../build/webcam_feed/webcam_feed.egg-info/requires.txt
[1.033s] writing top-level names to ../../build/webcam_feed/webcam_feed.egg-info/top_level.txt
[1.034s] reading manifest file '../../build/webcam_feed/webcam_feed.egg-info/SOURCES.txt'
[1.035s] writing manifest file '../../build/webcam_feed/webcam_feed.egg-info/SOURCES.txt'
[1.035s] running build
[1.035s] running build_py
[1.035s] running install
[1.036s] running install_lib
[1.037s] running install_data
[1.037s] running install_egg_info
[1.038s] removing '/home/beto/ackbot_ws/install/webcam_feed/lib/python3.10/site-packages/webcam_feed-0.0.0-py3.10.egg-info' (and everything under it)
[1.038s] Copying ../../build/webcam_feed/webcam_feed.egg-info to /home/beto/ackbot_ws/install/webcam_feed/lib/python3.10/site-packages/webcam_feed-0.0.0-py3.10.egg-info
[1.039s] running install_scripts
[1.055s] Installing img_subscriber script to /home/beto/ackbot_ws/install/webcam_feed/lib/webcam_feed
[1.055s] writing list of installed files to '/home/beto/ackbot_ws/build/webcam_feed/install.log'
[1.085s] Invoked command in '/home/beto/ackbot_ws/src/webcam_feed' returned '0': PYTHONPATH=/home/beto/ackbot_ws/build/webcam_feed/prefix_override:/usr/lib/python3/dist-packages/colcon_core/task/python/colcon_distutils_commands:/home/beto/ackbot_ws/install/webcam_feed/lib/python3.10/site-packages:${PYTHONPATH} /usr/bin/python3 -W ignore:setup.py install is deprecated setup.py egg_info --egg-base ../../build/webcam_feed build --build-base /home/beto/ackbot_ws/build/webcam_feed/build install --record /home/beto/ackbot_ws/build/webcam_feed/install.log --single-version-externally-managed install_data
