running egg_info
creating ../../build/ps4_controller/ps4_controller.egg-info
writing ../../build/ps4_controller/ps4_controller.egg-info/PKG-INFO
writing dependency_links to ../../build/ps4_controller/ps4_controller.egg-info/dependency_links.txt
writing entry points to ../../build/ps4_controller/ps4_controller.egg-info/entry_points.txt
writing requirements to ../../build/ps4_controller/ps4_controller.egg-info/requires.txt
writing top-level names to ../../build/ps4_controller/ps4_controller.egg-info/top_level.txt
writing manifest file '../../build/ps4_controller/ps4_controller.egg-info/SOURCES.txt'
reading manifest file '../../build/ps4_controller/ps4_controller.egg-info/SOURCES.txt'
writing manifest file '../../build/ps4_controller/ps4_controller.egg-info/SOURCES.txt'
running build
running build_py
creating /home/beto/ackbot_ws/build/ps4_controller/build
creating /home/beto/ackbot_ws/build/ps4_controller/build/lib
creating /home/beto/ackbot_ws/build/ps4_controller/build/lib/ps4_controller
copying ps4_controller/__init__.py -> /home/beto/ackbot_ws/build/ps4_controller/build/lib/ps4_controller
copying ps4_controller/ps4_controller_node.py -> /home/beto/ackbot_ws/build/ps4_controller/build/lib/ps4_controller
running install
running install_lib
creating /home/beto/ackbot_ws/install/ps4_controller/lib/python3.10/site-packages/ps4_controller
copying /home/beto/ackbot_ws/build/ps4_controller/build/lib/ps4_controller/__init__.py -> /home/beto/ackbot_ws/install/ps4_controller/lib/python3.10/site-packages/ps4_controller
copying /home/beto/ackbot_ws/build/ps4_controller/build/lib/ps4_controller/ps4_controller_node.py -> /home/beto/ackbot_ws/install/ps4_controller/lib/python3.10/site-packages/ps4_controller
byte-compiling /home/beto/ackbot_ws/install/ps4_controller/lib/python3.10/site-packages/ps4_controller/__init__.py to __init__.cpython-310.pyc
byte-compiling /home/beto/ackbot_ws/install/ps4_controller/lib/python3.10/site-packages/ps4_controller/ps4_controller_node.py to ps4_controller_node.cpython-310.pyc
running install_data
creating /home/beto/ackbot_ws/install/ps4_controller/share/ament_index
creating /home/beto/ackbot_ws/install/ps4_controller/share/ament_index/resource_index
creating /home/beto/ackbot_ws/install/ps4_controller/share/ament_index/resource_index/packages
copying resource/ps4_controller -> /home/beto/ackbot_ws/install/ps4_controller/share/ament_index/resource_index/packages
copying package.xml -> /home/beto/ackbot_ws/install/ps4_controller/share/ps4_controller
running install_egg_info
Copying ../../build/ps4_controller/ps4_controller.egg-info to /home/beto/ackbot_ws/install/ps4_controller/lib/python3.10/site-packages/ps4_controller-0.0.0-py3.10.egg-info
running install_scripts
Installing ps4_joy script to /home/beto/ackbot_ws/install/ps4_controller/lib/ps4_controller
writing list of installed files to '/home/beto/ackbot_ws/build/ps4_controller/install.log'
