[0.835s] Invoking command in '/home/beto/ackbot_ws/src/ackbot_nav2_bringup': PYTHONPATH=/home/beto/ackbot_ws/build/ackbot_nav2_bringup/prefix_override:/usr/lib/python3/dist-packages/colcon_core/task/python/colcon_distutils_commands:/home/beto/ackbot_ws/install/ackbot_nav2_bringup/lib/python3.10/site-packages:${PYTHONPATH} /usr/bin/python3 -W ignore:setup.py install is deprecated setup.py egg_info --egg-base ../../build/ackbot_nav2_bringup build --build-base /home/beto/ackbot_ws/build/ackbot_nav2_bringup/build install --record /home/beto/ackbot_ws/build/ackbot_nav2_bringup/install.log --single-version-externally-managed install_data
[0.961s] running egg_info
[0.961s] writing ../../build/ackbot_nav2_bringup/ackbot_nav2_bringup.egg-info/PKG-INFO
[0.961s] writing dependency_links to ../../build/ackbot_nav2_bringup/ackbot_nav2_bringup.egg-info/dependency_links.txt
[0.961s] writing entry points to ../../build/ackbot_nav2_bringup/ackbot_nav2_bringup.egg-info/entry_points.txt
[0.961s] writing requirements to ../../build/ackbot_nav2_bringup/ackbot_nav2_bringup.egg-info/requires.txt
[0.961s] writing top-level names to ../../build/ackbot_nav2_bringup/ackbot_nav2_bringup.egg-info/top_level.txt
[0.962s] reading manifest file '../../build/ackbot_nav2_bringup/ackbot_nav2_bringup.egg-info/SOURCES.txt'
[0.962s] writing manifest file '../../build/ackbot_nav2_bringup/ackbot_nav2_bringup.egg-info/SOURCES.txt'
[0.963s] running build
[0.963s] running build_py
[0.963s] running install
[0.963s] running install_lib
[0.964s] running install_data
[0.964s] running install_egg_info
[0.965s] removing '/home/beto/ackbot_ws/install/ackbot_nav2_bringup/lib/python3.10/site-packages/ackbot_nav2_bringup-0.0.0-py3.10.egg-info' (and everything under it)
[0.966s] Copying ../../build/ackbot_nav2_bringup/ackbot_nav2_bringup.egg-info to /home/beto/ackbot_ws/install/ackbot_nav2_bringup/lib/python3.10/site-packages/ackbot_nav2_bringup-0.0.0-py3.10.egg-info
[0.966s] running install_scripts
[0.978s] writing list of installed files to '/home/beto/ackbot_ws/build/ackbot_nav2_bringup/install.log'
[1.011s] Invoked command in '/home/beto/ackbot_ws/src/ackbot_nav2_bringup' returned '0': PYTHONPATH=/home/beto/ackbot_ws/build/ackbot_nav2_bringup/prefix_override:/usr/lib/python3/dist-packages/colcon_core/task/python/colcon_distutils_commands:/home/beto/ackbot_ws/install/ackbot_nav2_bringup/lib/python3.10/site-packages:${PYTHONPATH} /usr/bin/python3 -W ignore:setup.py install is deprecated setup.py egg_info --egg-base ../../build/ackbot_nav2_bringup build --build-base /home/beto/ackbot_ws/build/ackbot_nav2_bringup/build install --record /home/beto/ackbot_ws/build/ackbot_nav2_bringup/install.log --single-version-externally-managed install_data
