running egg_info
writing ../../build/ps4_controller/ps4_controller.egg-info/PKG-INFO
writing dependency_links to ../../build/ps4_controller/ps4_controller.egg-info/dependency_links.txt
writing entry points to ../../build/ps4_controller/ps4_controller.egg-info/entry_points.txt
writing requirements to ../../build/ps4_controller/ps4_controller.egg-info/requires.txt
writing top-level names to ../../build/ps4_controller/ps4_controller.egg-info/top_level.txt
reading manifest file '../../build/ps4_controller/ps4_controller.egg-info/SOURCES.txt'
writing manifest file '../../build/ps4_controller/ps4_controller.egg-info/SOURCES.txt'
running build
running build_py
running install
running install_lib
running install_data
creating /home/beto/ackbot_ws/install/ps4_controller/share/ps4_controller/launch
copying launch/controller_launch.py -> /home/beto/ackbot_ws/install/ps4_controller/share/ps4_controller/launch
running install_egg_info
removing '/home/beto/ackbot_ws/install/ps4_controller/lib/python3.10/site-packages/ps4_controller-0.0.0-py3.10.egg-info' (and everything under it)
Copying ../../build/ps4_controller/ps4_controller.egg-info to /home/beto/ackbot_ws/install/ps4_controller/lib/python3.10/site-packages/ps4_controller-0.0.0-py3.10.egg-info
running install_scripts
Installing ps4_joy script to /home/beto/ackbot_ws/install/ps4_controller/lib/ps4_controller
writing list of installed files to '/home/beto/ackbot_ws/build/ps4_controller/install.log'
