[0.815s] Invoking command in '/home/beto/ackbot_ws/src/ps4_controller': PYTHONPATH=/home/beto/ackbot_ws/build/ps4_controller/prefix_override:/usr/lib/python3/dist-packages/colcon_core/task/python/colcon_distutils_commands:/home/beto/ackbot_ws/install/ps4_controller/lib/python3.10/site-packages:${PYTHONPATH} /usr/bin/python3 -W ignore:setup.py install is deprecated setup.py egg_info --egg-base ../../build/ps4_controller build --build-base /home/beto/ackbot_ws/build/ps4_controller/build install --record /home/beto/ackbot_ws/build/ps4_controller/install.log --single-version-externally-managed install_data
[0.951s] running egg_info
[0.952s] writing ../../build/ps4_controller/ps4_controller.egg-info/PKG-INFO
[0.952s] writing dependency_links to ../../build/ps4_controller/ps4_controller.egg-info/dependency_links.txt
[0.952s] writing entry points to ../../build/ps4_controller/ps4_controller.egg-info/entry_points.txt
[0.952s] writing requirements to ../../build/ps4_controller/ps4_controller.egg-info/requires.txt
[0.953s] writing top-level names to ../../build/ps4_controller/ps4_controller.egg-info/top_level.txt
[0.953s] reading manifest file '../../build/ps4_controller/ps4_controller.egg-info/SOURCES.txt'
[0.954s] writing manifest file '../../build/ps4_controller/ps4_controller.egg-info/SOURCES.txt'
[0.954s] running build
[0.954s] running build_py
[0.954s] running install
[0.954s] running install_lib
[0.955s] running install_data
[0.955s] creating /home/beto/ackbot_ws/install/ps4_controller/share/ps4_controller/launch
[0.955s] copying launch/controller_launch.py -> /home/beto/ackbot_ws/install/ps4_controller/share/ps4_controller/launch
[0.955s] running install_egg_info
[0.957s] removing '/home/beto/ackbot_ws/install/ps4_controller/lib/python3.10/site-packages/ps4_controller-0.0.0-py3.10.egg-info' (and everything under it)
[0.957s] Copying ../../build/ps4_controller/ps4_controller.egg-info to /home/beto/ackbot_ws/install/ps4_controller/lib/python3.10/site-packages/ps4_controller-0.0.0-py3.10.egg-info
[0.957s] running install_scripts
[0.972s] Installing ps4_joy script to /home/beto/ackbot_ws/install/ps4_controller/lib/ps4_controller
[0.973s] writing list of installed files to '/home/beto/ackbot_ws/build/ps4_controller/install.log'
[1.004s] Invoked command in '/home/beto/ackbot_ws/src/ps4_controller' returned '0': PYTHONPATH=/home/beto/ackbot_ws/build/ps4_controller/prefix_override:/usr/lib/python3/dist-packages/colcon_core/task/python/colcon_distutils_commands:/home/beto/ackbot_ws/install/ps4_controller/lib/python3.10/site-packages:${PYTHONPATH} /usr/bin/python3 -W ignore:setup.py install is deprecated setup.py egg_info --egg-base ../../build/ps4_controller build --build-base /home/beto/ackbot_ws/build/ps4_controller/build install --record /home/beto/ackbot_ws/build/ps4_controller/install.log --single-version-externally-managed install_data
