[0.809s] Invoking command in '/home/beto/ackbot_ws/src/webcam_feed': PYTHONPATH=/home/beto/ackbot_ws/build/webcam_feed/prefix_override:/usr/lib/python3/dist-packages/colcon_core/task/python/colcon_distutils_commands:/home/beto/ackbot_ws/install/webcam_feed/lib/python3.10/site-packages:${PYTHONPATH} /usr/bin/python3 -W ignore:setup.py install is deprecated setup.py egg_info --egg-base ../../build/webcam_feed build --build-base /home/beto/ackbot_ws/build/webcam_feed/build install --record /home/beto/ackbot_ws/build/webcam_feed/install.log --single-version-externally-managed install_data
[0.949s] running egg_info
[0.949s] writing ../../build/webcam_feed/webcam_feed.egg-info/PKG-INFO
[0.950s] writing dependency_links to ../../build/webcam_feed/webcam_feed.egg-info/dependency_links.txt
[0.950s] writing entry points to ../../build/webcam_feed/webcam_feed.egg-info/entry_points.txt
[0.950s] writing requirements to ../../build/webcam_feed/webcam_feed.egg-info/requires.txt
[0.950s] writing top-level names to ../../build/webcam_feed/webcam_feed.egg-info/top_level.txt
[0.951s] reading manifest file '../../build/webcam_feed/webcam_feed.egg-info/SOURCES.txt'
[0.951s] writing manifest file '../../build/webcam_feed/webcam_feed.egg-info/SOURCES.txt'
[0.951s] running build
[0.951s] running build_py
[0.951s] running install
[0.952s] running install_lib
[0.953s] running install_data
[0.953s] running install_egg_info
[0.954s] removing '/home/beto/ackbot_ws/install/webcam_feed/lib/python3.10/site-packages/webcam_feed-0.0.0-py3.10.egg-info' (and everything under it)
[0.954s] Copying ../../build/webcam_feed/webcam_feed.egg-info to /home/beto/ackbot_ws/install/webcam_feed/lib/python3.10/site-packages/webcam_feed-0.0.0-py3.10.egg-info
[0.955s] running install_scripts
[0.969s] Installing img_subscriber script to /home/beto/ackbot_ws/install/webcam_feed/lib/webcam_feed
[0.969s] writing list of installed files to '/home/beto/ackbot_ws/build/webcam_feed/install.log'
[0.999s] Invoked command in '/home/beto/ackbot_ws/src/webcam_feed' returned '0': PYTHONPATH=/home/beto/ackbot_ws/build/webcam_feed/prefix_override:/usr/lib/python3/dist-packages/colcon_core/task/python/colcon_distutils_commands:/home/beto/ackbot_ws/install/webcam_feed/lib/python3.10/site-packages:${PYTHONPATH} /usr/bin/python3 -W ignore:setup.py install is deprecated setup.py egg_info --egg-base ../../build/webcam_feed build --build-base /home/beto/ackbot_ws/build/webcam_feed/build install --record /home/beto/ackbot_ws/build/webcam_feed/install.log --single-version-externally-managed install_data
