running egg_info
creating ../../build/ackbot_nav2_bringup/ackbot_nav2_bringup.egg-info
writing ../../build/ackbot_nav2_bringup/ackbot_nav2_bringup.egg-info/PKG-INFO
writing dependency_links to ../../build/ackbot_nav2_bringup/ackbot_nav2_bringup.egg-info/dependency_links.txt
writing entry points to ../../build/ackbot_nav2_bringup/ackbot_nav2_bringup.egg-info/entry_points.txt
writing requirements to ../../build/ackbot_nav2_bringup/ackbot_nav2_bringup.egg-info/requires.txt
writing top-level names to ../../build/ackbot_nav2_bringup/ackbot_nav2_bringup.egg-info/top_level.txt
writing manifest file '../../build/ackbot_nav2_bringup/ackbot_nav2_bringup.egg-info/SOURCES.txt'
reading manifest file '../../build/ackbot_nav2_bringup/ackbot_nav2_bringup.egg-info/SOURCES.txt'
writing manifest file '../../build/ackbot_nav2_bringup/ackbot_nav2_bringup.egg-info/SOURCES.txt'
running build
running build_py
creating /home/beto/ackbot_ws/build/ackbot_nav2_bringup/build
creating /home/beto/ackbot_ws/build/ackbot_nav2_bringup/build/lib
creating /home/beto/ackbot_ws/build/ackbot_nav2_bringup/build/lib/ackbot_nav2_bringup
copying ackbot_nav2_bringup/__init__.py -> /home/beto/ackbot_ws/build/ackbot_nav2_bringup/build/lib/ackbot_nav2_bringup
running install
running install_lib
creating /home/beto/ackbot_ws/install/ackbot_nav2_bringup/lib/python3.10/site-packages/ackbot_nav2_bringup
copying /home/beto/ackbot_ws/build/ackbot_nav2_bringup/build/lib/ackbot_nav2_bringup/__init__.py -> /home/beto/ackbot_ws/install/ackbot_nav2_bringup/lib/python3.10/site-packages/ackbot_nav2_bringup
byte-compiling /home/beto/ackbot_ws/install/ackbot_nav2_bringup/lib/python3.10/site-packages/ackbot_nav2_bringup/__init__.py to __init__.cpython-310.pyc
running install_data
creating /home/beto/ackbot_ws/install/ackbot_nav2_bringup/share/ament_index
creating /home/beto/ackbot_ws/install/ackbot_nav2_bringup/share/ament_index/resource_index
creating /home/beto/ackbot_ws/install/ackbot_nav2_bringup/share/ament_index/resource_index/packages
copying resource/ackbot_nav2_bringup -> /home/beto/ackbot_ws/install/ackbot_nav2_bringup/share/ament_index/resource_index/packages
copying package.xml -> /home/beto/ackbot_ws/install/ackbot_nav2_bringup/share/ackbot_nav2_bringup
creating /home/beto/ackbot_ws/install/ackbot_nav2_bringup/share/ackbot_nav2_bringup/launch
copying launch/localization_launch.py -> /home/beto/ackbot_ws/install/ackbot_nav2_bringup/share/ackbot_nav2_bringup/launch
copying launch/online_async_launch.py -> /home/beto/ackbot_ws/install/ackbot_nav2_bringup/share/ackbot_nav2_bringup/launch
copying launch/navigation_launch.py -> /home/beto/ackbot_ws/install/ackbot_nav2_bringup/share/ackbot_nav2_bringup/launch
creating /home/beto/ackbot_ws/install/ackbot_nav2_bringup/share/ackbot_nav2_bringup/config
copying config/nav2_params.yaml -> /home/beto/ackbot_ws/install/ackbot_nav2_bringup/share/ackbot_nav2_bringup/config
copying config/nav2_params (copy).yaml -> /home/beto/ackbot_ws/install/ackbot_nav2_bringup/share/ackbot_nav2_bringup/config
creating /home/beto/ackbot_ws/install/ackbot_nav2_bringup/share/ackbot_nav2_bringup/maps
copying maps/map.yaml -> /home/beto/ackbot_ws/install/ackbot_nav2_bringup/share/ackbot_nav2_bringup/maps
copying maps/map.pgm -> /home/beto/ackbot_ws/install/ackbot_nav2_bringup/share/ackbot_nav2_bringup/maps
running install_egg_info
Copying ../../build/ackbot_nav2_bringup/ackbot_nav2_bringup.egg-info to /home/beto/ackbot_ws/install/ackbot_nav2_bringup/lib/python3.10/site-packages/ackbot_nav2_bringup-0.0.0-py3.10.egg-info
running install_scripts
writing list of installed files to '/home/beto/ackbot_ws/build/ackbot_nav2_bringup/install.log'
