[0.817s] Invoking command in '/home/beto/ackbot_ws/src/ackbot_description': PYTHONPATH=/home/beto/ackbot_ws/build/ackbot_description/prefix_override:/usr/lib/python3/dist-packages/colcon_core/task/python/colcon_distutils_commands:/home/beto/ackbot_ws/install/ackbot_description/lib/python3.10/site-packages:${PYTHONPATH} /usr/bin/python3 -W ignore:setup.py install is deprecated setup.py egg_info --egg-base ../../build/ackbot_description build --build-base /home/beto/ackbot_ws/build/ackbot_description/build install --record /home/beto/ackbot_ws/build/ackbot_description/install.log --single-version-externally-managed install_data
[0.955s] running egg_info
[0.955s] writing ../../build/ackbot_description/ackbot_description.egg-info/PKG-INFO
[0.956s] writing dependency_links to ../../build/ackbot_description/ackbot_description.egg-info/dependency_links.txt
[0.956s] writing entry points to ../../build/ackbot_description/ackbot_description.egg-info/entry_points.txt
[0.956s] writing requirements to ../../build/ackbot_description/ackbot_description.egg-info/requires.txt
[0.956s] writing top-level names to ../../build/ackbot_description/ackbot_description.egg-info/top_level.txt
[0.958s] reading manifest file '../../build/ackbot_description/ackbot_description.egg-info/SOURCES.txt'
[0.959s] writing manifest file '../../build/ackbot_description/ackbot_description.egg-info/SOURCES.txt'
[0.959s] running build
[0.960s] running build_py
[0.960s] running install
[0.960s] running install_lib
[0.961s] running install_data
[0.961s] running install_egg_info
[0.961s] removing '/home/beto/ackbot_ws/install/ackbot_description/lib/python3.10/site-packages/ackbot_description-0.0.0-py3.10.egg-info' (and everything under it)
[0.961s] Copying ../../build/ackbot_description/ackbot_description.egg-info to /home/beto/ackbot_ws/install/ackbot_description/lib/python3.10/site-packages/ackbot_description-0.0.0-py3.10.egg-info
[0.961s] running install_scripts
[0.976s] writing list of installed files to '/home/beto/ackbot_ws/build/ackbot_description/install.log'
[1.005s] Invoked command in '/home/beto/ackbot_ws/src/ackbot_description' returned '0': PYTHONPATH=/home/beto/ackbot_ws/build/ackbot_description/prefix_override:/usr/lib/python3/dist-packages/colcon_core/task/python/colcon_distutils_commands:/home/beto/ackbot_ws/install/ackbot_description/lib/python3.10/site-packages:${PYTHONPATH} /usr/bin/python3 -W ignore:setup.py install is deprecated setup.py egg_info --egg-base ../../build/ackbot_description build --build-base /home/beto/ackbot_ws/build/ackbot_description/build install --record /home/beto/ackbot_ws/build/ackbot_description/install.log --single-version-externally-managed install_data
