[0.862s] Invoking command in '/home/beto/ackbot_ws/src/ackbot_description': PYTHONPATH=/home/beto/ackbot_ws/build/ackbot_description/prefix_override:/usr/lib/python3/dist-packages/colcon_core/task/python/colcon_distutils_commands:/home/beto/ackbot_ws/install/ackbot_description/lib/python3.10/site-packages:${PYTHONPATH} /usr/bin/python3 -W ignore:setup.py install is deprecated setup.py egg_info --egg-base ../../build/ackbot_description build --build-base /home/beto/ackbot_ws/build/ackbot_description/build install --record /home/beto/ackbot_ws/build/ackbot_description/install.log --single-version-externally-managed install_data
[1.012s] running egg_info
[1.012s] writing ../../build/ackbot_description/ackbot_description.egg-info/PKG-INFO
[1.012s] writing dependency_links to ../../build/ackbot_description/ackbot_description.egg-info/dependency_links.txt
[1.013s] writing entry points to ../../build/ackbot_description/ackbot_description.egg-info/entry_points.txt
[1.013s] writing requirements to ../../build/ackbot_description/ackbot_description.egg-info/requires.txt
[1.013s] writing top-level names to ../../build/ackbot_description/ackbot_description.egg-info/top_level.txt
[1.014s] reading manifest file '../../build/ackbot_description/ackbot_description.egg-info/SOURCES.txt'
[1.015s] writing manifest file '../../build/ackbot_description/ackbot_description.egg-info/SOURCES.txt'
[1.015s] running build
[1.015s] running build_py
[1.015s] running install
[1.015s] running install_lib
[1.016s] running install_data
[1.016s] running install_egg_info
[1.017s] removing '/home/beto/ackbot_ws/install/ackbot_description/lib/python3.10/site-packages/ackbot_description-0.0.0-py3.10.egg-info' (and everything under it)
[1.018s] Copying ../../build/ackbot_description/ackbot_description.egg-info to /home/beto/ackbot_ws/install/ackbot_description/lib/python3.10/site-packages/ackbot_description-0.0.0-py3.10.egg-info
[1.018s] running install_scripts
[1.037s] writing list of installed files to '/home/beto/ackbot_ws/build/ackbot_description/install.log'
[1.057s] Invoked command in '/home/beto/ackbot_ws/src/ackbot_description' returned '0': PYTHONPATH=/home/beto/ackbot_ws/build/ackbot_description/prefix_override:/usr/lib/python3/dist-packages/colcon_core/task/python/colcon_distutils_commands:/home/beto/ackbot_ws/install/ackbot_description/lib/python3.10/site-packages:${PYTHONPATH} /usr/bin/python3 -W ignore:setup.py install is deprecated setup.py egg_info --egg-base ../../build/ackbot_description build --build-base /home/beto/ackbot_ws/build/ackbot_description/build install --record /home/beto/ackbot_ws/build/ackbot_description/install.log --single-version-externally-managed install_data
