[0.922s] Invoking command in '/home/beto/ackbot_ws/src/ackbot_nav2_bringup': PYTHONPATH=/home/beto/ackbot_ws/build/ackbot_nav2_bringup/prefix_override:/usr/lib/python3/dist-packages/colcon_core/task/python/colcon_distutils_commands:/home/beto/ackbot_ws/install/ackbot_nav2_bringup/lib/python3.10/site-packages:${PYTHONPATH} /usr/bin/python3 -W ignore:setup.py install is deprecated setup.py egg_info --egg-base ../../build/ackbot_nav2_bringup build --build-base /home/beto/ackbot_ws/build/ackbot_nav2_bringup/build install --record /home/beto/ackbot_ws/build/ackbot_nav2_bringup/install.log --single-version-externally-managed install_data
[1.067s] running egg_info
[1.068s] writing ../../build/ackbot_nav2_bringup/ackbot_nav2_bringup.egg-info/PKG-INFO
[1.071s] writing dependency_links to ../../build/ackbot_nav2_bringup/ackbot_nav2_bringup.egg-info/dependency_links.txt
[1.071s] writing entry points to ../../build/ackbot_nav2_bringup/ackbot_nav2_bringup.egg-info/entry_points.txt
[1.072s] writing requirements to ../../build/ackbot_nav2_bringup/ackbot_nav2_bringup.egg-info/requires.txt
[1.073s] writing top-level names to ../../build/ackbot_nav2_bringup/ackbot_nav2_bringup.egg-info/top_level.txt
[1.074s] reading manifest file '../../build/ackbot_nav2_bringup/ackbot_nav2_bringup.egg-info/SOURCES.txt'
[1.077s] writing manifest file '../../build/ackbot_nav2_bringup/ackbot_nav2_bringup.egg-info/SOURCES.txt'
[1.077s] running build
[1.077s] running build_py
[1.077s] running install
[1.077s] running install_lib
[1.078s] running install_data
[1.078s] running install_egg_info
[1.079s] removing '/home/beto/ackbot_ws/install/ackbot_nav2_bringup/lib/python3.10/site-packages/ackbot_nav2_bringup-0.0.0-py3.10.egg-info' (and everything under it)
[1.079s] Copying ../../build/ackbot_nav2_bringup/ackbot_nav2_bringup.egg-info to /home/beto/ackbot_ws/install/ackbot_nav2_bringup/lib/python3.10/site-packages/ackbot_nav2_bringup-0.0.0-py3.10.egg-info
[1.079s] running install_scripts
[1.092s] writing list of installed files to '/home/beto/ackbot_ws/build/ackbot_nav2_bringup/install.log'
[1.131s] Invoked command in '/home/beto/ackbot_ws/src/ackbot_nav2_bringup' returned '0': PYTHONPATH=/home/beto/ackbot_ws/build/ackbot_nav2_bringup/prefix_override:/usr/lib/python3/dist-packages/colcon_core/task/python/colcon_distutils_commands:/home/beto/ackbot_ws/install/ackbot_nav2_bringup/lib/python3.10/site-packages:${PYTHONPATH} /usr/bin/python3 -W ignore:setup.py install is deprecated setup.py egg_info --egg-base ../../build/ackbot_nav2_bringup build --build-base /home/beto/ackbot_ws/build/ackbot_nav2_bringup/build install --record /home/beto/ackbot_ws/build/ackbot_nav2_bringup/install.log --single-version-externally-managed install_data
