/home/beto/ackbot_ws/install/ackbot_description/lib/python3.10/site-packages/ackbot_description/__init__.py
/home/beto/ackbot_ws/install/ackbot_description/lib/python3.10/site-packages/ackbot_description/__pycache__/__init__.cpython-310.pyc
/home/beto/ackbot_ws/install/ackbot_description/share/ament_index/resource_index/packages/ackbot_description
/home/beto/ackbot_ws/install/ackbot_description/share/ackbot_description/package.xml
/home/beto/ackbot_ws/install/ackbot_description/share/ackbot_description/launch
/home/beto/ackbot_ws/install/ackbot_description/share/ackbot_description/urdf/yahboomcar_R2.urdf
/home/beto/ackbot_ws/install/ackbot_description/share/ackbot_description/urdf/yahboomcar_R2.urdf.xacro
/home/beto/ackbot_ws/install/ackbot_description/share/ackbot_description/meshes/back_left_link.STL
/home/beto/ackbot_ws/install/ackbot_description/share/ackbot_description/meshes/camera_link.STL
/home/beto/ackbot_ws/install/ackbot_description/share/ackbot_description/meshes/base_link.STL
/home/beto/ackbot_ws/install/ackbot_description/share/ackbot_description/meshes/front_right_steer.STL
/home/beto/ackbot_ws/install/ackbot_description/share/ackbot_description/meshes/front_right_wheel_X3.STL
/home/beto/ackbot_ws/install/ackbot_description/share/ackbot_description/meshes/front_left_wheel.STL
/home/beto/ackbot_ws/install/ackbot_description/share/ackbot_description/meshes/front_left_wheel_X3.STL
/home/beto/ackbot_ws/install/ackbot_description/share/ackbot_description/meshes/camera_link_R2.STL
/home/beto/ackbot_ws/install/ackbot_description/share/ackbot_description/meshes/back_right_wheel_X3.STL
/home/beto/ackbot_ws/install/ackbot_description/share/ackbot_description/meshes/back_left_wheel_X3.STL
/home/beto/ackbot_ws/install/ackbot_description/share/ackbot_description/meshes/front_left_steer.STL
/home/beto/ackbot_ws/install/ackbot_description/share/ackbot_description/meshes/front_right_wheel.STL
/home/beto/ackbot_ws/install/ackbot_description/share/ackbot_description/meshes/laser_link.STL
/home/beto/ackbot_ws/install/ackbot_description/share/ackbot_description/meshes/back_right_link.STL
/home/beto/ackbot_ws/install/ackbot_description/share/ackbot_description/meshes/base_link_X3.STL
/home/beto/ackbot_ws/install/ackbot_description/share/ackbot_description/meshes/laser_link_R2.STL
/home/beto/ackbot_ws/install/ackbot_description/share/ackbot_description/rviz/ackbot.rviz
/home/beto/ackbot_ws/install/ackbot_description/lib/python3.10/site-packages/ackbot_description-0.0.0-py3.10.egg-info/dependency_links.txt
/home/beto/ackbot_ws/install/ackbot_description/lib/python3.10/site-packages/ackbot_description-0.0.0-py3.10.egg-info/zip-safe
/home/beto/ackbot_ws/install/ackbot_description/lib/python3.10/site-packages/ackbot_description-0.0.0-py3.10.egg-info/PKG-INFO
/home/beto/ackbot_ws/install/ackbot_description/lib/python3.10/site-packages/ackbot_description-0.0.0-py3.10.egg-info/SOURCES.txt
/home/beto/ackbot_ws/install/ackbot_description/lib/python3.10/site-packages/ackbot_description-0.0.0-py3.10.egg-info/requires.txt
/home/beto/ackbot_ws/install/ackbot_description/lib/python3.10/site-packages/ackbot_description-0.0.0-py3.10.egg-info/entry_points.txt
/home/beto/ackbot_ws/install/ackbot_description/lib/python3.10/site-packages/ackbot_description-0.0.0-py3.10.egg-info/top_level.txt
