running egg_info
creating ../../build/ackbot_description/ackbot_description.egg-info
writing ../../build/ackbot_description/ackbot_description.egg-info/PKG-INFO
writing dependency_links to ../../build/ackbot_description/ackbot_description.egg-info/dependency_links.txt
writing entry points to ../../build/ackbot_description/ackbot_description.egg-info/entry_points.txt
writing requirements to ../../build/ackbot_description/ackbot_description.egg-info/requires.txt
writing top-level names to ../../build/ackbot_description/ackbot_description.egg-info/top_level.txt
writing manifest file '../../build/ackbot_description/ackbot_description.egg-info/SOURCES.txt'
reading manifest file '../../build/ackbot_description/ackbot_description.egg-info/SOURCES.txt'
writing manifest file '../../build/ackbot_description/ackbot_description.egg-info/SOURCES.txt'
running build
running build_py
creating /home/beto/ackbot_ws/build/ackbot_description/build
creating /home/beto/ackbot_ws/build/ackbot_description/build/lib
creating /home/beto/ackbot_ws/build/ackbot_description/build/lib/ackbot_description
copying ackbot_description/__init__.py -> /home/beto/ackbot_ws/build/ackbot_description/build/lib/ackbot_description
running install
running install_lib
creating /home/beto/ackbot_ws/install/ackbot_description/lib/python3.10/site-packages/ackbot_description
copying /home/beto/ackbot_ws/build/ackbot_description/build/lib/ackbot_description/__init__.py -> /home/beto/ackbot_ws/install/ackbot_description/lib/python3.10/site-packages/ackbot_description
byte-compiling /home/beto/ackbot_ws/install/ackbot_description/lib/python3.10/site-packages/ackbot_description/__init__.py to __init__.cpython-310.pyc
running install_data
creating /home/beto/ackbot_ws/install/ackbot_description/share/ament_index
creating /home/beto/ackbot_ws/install/ackbot_description/share/ament_index/resource_index
creating /home/beto/ackbot_ws/install/ackbot_description/share/ament_index/resource_index/packages
copying resource/ackbot_description -> /home/beto/ackbot_ws/install/ackbot_description/share/ament_index/resource_index/packages
copying package.xml -> /home/beto/ackbot_ws/install/ackbot_description/share/ackbot_description
creating /home/beto/ackbot_ws/install/ackbot_description/share/ackbot_description/launch
creating /home/beto/ackbot_ws/install/ackbot_description/share/ackbot_description/urdf
copying urdf/yahboomcar_R2.urdf -> /home/beto/ackbot_ws/install/ackbot_description/share/ackbot_description/urdf
copying urdf/yahboomcar_R2.urdf.xacro -> /home/beto/ackbot_ws/install/ackbot_description/share/ackbot_description/urdf
creating /home/beto/ackbot_ws/install/ackbot_description/share/ackbot_description/meshes
copying meshes/back_left_link.STL -> /home/beto/ackbot_ws/install/ackbot_description/share/ackbot_description/meshes
copying meshes/camera_link.STL -> /home/beto/ackbot_ws/install/ackbot_description/share/ackbot_description/meshes
copying meshes/base_link.STL -> /home/beto/ackbot_ws/install/ackbot_description/share/ackbot_description/meshes
copying meshes/front_right_steer.STL -> /home/beto/ackbot_ws/install/ackbot_description/share/ackbot_description/meshes
copying meshes/front_right_wheel_X3.STL -> /home/beto/ackbot_ws/install/ackbot_description/share/ackbot_description/meshes
copying meshes/front_left_wheel.STL -> /home/beto/ackbot_ws/install/ackbot_description/share/ackbot_description/meshes
copying meshes/front_left_wheel_X3.STL -> /home/beto/ackbot_ws/install/ackbot_description/share/ackbot_description/meshes
copying meshes/camera_link_R2.STL -> /home/beto/ackbot_ws/install/ackbot_description/share/ackbot_description/meshes
copying meshes/back_right_wheel_X3.STL -> /home/beto/ackbot_ws/install/ackbot_description/share/ackbot_description/meshes
copying meshes/back_left_wheel_X3.STL -> /home/beto/ackbot_ws/install/ackbot_description/share/ackbot_description/meshes
copying meshes/front_left_steer.STL -> /home/beto/ackbot_ws/install/ackbot_description/share/ackbot_description/meshes
copying meshes/front_right_wheel.STL -> /home/beto/ackbot_ws/install/ackbot_description/share/ackbot_description/meshes
copying meshes/laser_link.STL -> /home/beto/ackbot_ws/install/ackbot_description/share/ackbot_description/meshes
copying meshes/laser_link_R2.STL.old -> /home/beto/ackbot_ws/install/ackbot_description/share/ackbot_description/meshes
copying meshes/back_right_link.STL -> /home/beto/ackbot_ws/install/ackbot_description/share/ackbot_description/meshes
copying meshes/base_link_X3.STL -> /home/beto/ackbot_ws/install/ackbot_description/share/ackbot_description/meshes
copying meshes/laser_link_R2.STL -> /home/beto/ackbot_ws/install/ackbot_description/share/ackbot_description/meshes
creating /home/beto/ackbot_ws/install/ackbot_description/share/ackbot_description/rviz
copying rviz/ackbot.rviz -> /home/beto/ackbot_ws/install/ackbot_description/share/ackbot_description/rviz
running install_egg_info
Copying ../../build/ackbot_description/ackbot_description.egg-info to /home/beto/ackbot_ws/install/ackbot_description/lib/python3.10/site-packages/ackbot_description-0.0.0-py3.10.egg-info
running install_scripts
writing list of installed files to '/home/beto/ackbot_ws/build/ackbot_description/install.log'
