[0.853s] Invoking command in '/home/beto/ackbot_ws/src/ackbot_description': PYTHONPATH=/home/beto/ackbot_ws/build/ackbot_description/prefix_override:/usr/lib/python3/dist-packages/colcon_core/task/python/colcon_distutils_commands:/home/beto/ackbot_ws/install/ackbot_description/lib/python3.10/site-packages:${PYTHONPATH} /usr/bin/python3 -W ignore:setup.py install is deprecated setup.py egg_info --egg-base ../../build/ackbot_description build --build-base /home/beto/ackbot_ws/build/ackbot_description/build install --record /home/beto/ackbot_ws/build/ackbot_description/install.log --single-version-externally-managed install_data
[1.004s] running egg_info
[1.005s] creating ../../build/ackbot_description/ackbot_description.egg-info
[1.005s] writing ../../build/ackbot_description/ackbot_description.egg-info/PKG-INFO
[1.005s] writing dependency_links to ../../build/ackbot_description/ackbot_description.egg-info/dependency_links.txt
[1.005s] writing entry points to ../../build/ackbot_description/ackbot_description.egg-info/entry_points.txt
[1.005s] writing requirements to ../../build/ackbot_description/ackbot_description.egg-info/requires.txt
[1.005s] writing top-level names to ../../build/ackbot_description/ackbot_description.egg-info/top_level.txt
[1.005s] writing manifest file '../../build/ackbot_description/ackbot_description.egg-info/SOURCES.txt'
[1.006s] reading manifest file '../../build/ackbot_description/ackbot_description.egg-info/SOURCES.txt'
[1.009s] writing manifest file '../../build/ackbot_description/ackbot_description.egg-info/SOURCES.txt'
[1.009s] running build
[1.009s] running build_py
[1.009s] creating /home/beto/ackbot_ws/build/ackbot_description/build
[1.010s] creating /home/beto/ackbot_ws/build/ackbot_description/build/lib
[1.010s] creating /home/beto/ackbot_ws/build/ackbot_description/build/lib/ackbot_description
[1.010s] copying ackbot_description/__init__.py -> /home/beto/ackbot_ws/build/ackbot_description/build/lib/ackbot_description
[1.010s] running install
[1.010s] running install_lib
[1.010s] creating /home/beto/ackbot_ws/install/ackbot_description/lib/python3.10/site-packages/ackbot_description
[1.010s] copying /home/beto/ackbot_ws/build/ackbot_description/build/lib/ackbot_description/__init__.py -> /home/beto/ackbot_ws/install/ackbot_description/lib/python3.10/site-packages/ackbot_description
[1.010s] byte-compiling /home/beto/ackbot_ws/install/ackbot_description/lib/python3.10/site-packages/ackbot_description/__init__.py to __init__.cpython-310.pyc
[1.010s] running install_data
[1.010s] creating /home/beto/ackbot_ws/install/ackbot_description/share/ament_index
[1.010s] creating /home/beto/ackbot_ws/install/ackbot_description/share/ament_index/resource_index
[1.010s] creating /home/beto/ackbot_ws/install/ackbot_description/share/ament_index/resource_index/packages
[1.010s] copying resource/ackbot_description -> /home/beto/ackbot_ws/install/ackbot_description/share/ament_index/resource_index/packages
[1.010s] copying package.xml -> /home/beto/ackbot_ws/install/ackbot_description/share/ackbot_description
[1.010s] creating /home/beto/ackbot_ws/install/ackbot_description/share/ackbot_description/launch
[1.010s] creating /home/beto/ackbot_ws/install/ackbot_description/share/ackbot_description/urdf
[1.011s] copying urdf/yahboomcar_R2.urdf -> /home/beto/ackbot_ws/install/ackbot_description/share/ackbot_description/urdf
[1.011s] copying urdf/yahboomcar_R2.urdf.xacro -> /home/beto/ackbot_ws/install/ackbot_description/share/ackbot_description/urdf
[1.011s] creating /home/beto/ackbot_ws/install/ackbot_description/share/ackbot_description/meshes
[1.011s] copying meshes/back_left_link.STL -> /home/beto/ackbot_ws/install/ackbot_description/share/ackbot_description/meshes
[1.011s] copying meshes/camera_link.STL -> /home/beto/ackbot_ws/install/ackbot_description/share/ackbot_description/meshes
[1.011s] copying meshes/base_link.STL -> /home/beto/ackbot_ws/install/ackbot_description/share/ackbot_description/meshes
[1.023s] copying meshes/front_right_steer.STL -> /home/beto/ackbot_ws/install/ackbot_description/share/ackbot_description/meshes
[1.023s] copying meshes/front_right_wheel_X3.STL -> /home/beto/ackbot_ws/install/ackbot_description/share/ackbot_description/meshes
[1.026s] copying meshes/front_left_wheel.STL -> /home/beto/ackbot_ws/install/ackbot_description/share/ackbot_description/meshes
[1.028s] copying meshes/front_left_wheel_X3.STL -> /home/beto/ackbot_ws/install/ackbot_description/share/ackbot_description/meshes
[1.031s] copying meshes/camera_link_R2.STL -> /home/beto/ackbot_ws/install/ackbot_description/share/ackbot_description/meshes
[1.032s] copying meshes/back_right_wheel_X3.STL -> /home/beto/ackbot_ws/install/ackbot_description/share/ackbot_description/meshes
[1.035s] copying meshes/back_left_wheel_X3.STL -> /home/beto/ackbot_ws/install/ackbot_description/share/ackbot_description/meshes
[1.038s] copying meshes/front_left_steer.STL -> /home/beto/ackbot_ws/install/ackbot_description/share/ackbot_description/meshes
[1.038s] copying meshes/front_right_wheel.STL -> /home/beto/ackbot_ws/install/ackbot_description/share/ackbot_description/meshes
[1.040s] copying meshes/laser_link.STL -> /home/beto/ackbot_ws/install/ackbot_description/share/ackbot_description/meshes
[1.050s] copying meshes/laser_link_R2.STL.old -> /home/beto/ackbot_ws/install/ackbot_description/share/ackbot_description/meshes
[1.050s] copying meshes/back_right_link.STL -> /home/beto/ackbot_ws/install/ackbot_description/share/ackbot_description/meshes
[1.051s] copying meshes/base_link_X3.STL -> /home/beto/ackbot_ws/install/ackbot_description/share/ackbot_description/meshes
[1.054s] copying meshes/laser_link_R2.STL -> /home/beto/ackbot_ws/install/ackbot_description/share/ackbot_description/meshes
[1.054s] creating /home/beto/ackbot_ws/install/ackbot_description/share/ackbot_description/rviz
[1.055s] copying rviz/ackbot.rviz -> /home/beto/ackbot_ws/install/ackbot_description/share/ackbot_description/rviz
[1.055s] running install_egg_info
[1.056s] Copying ../../build/ackbot_description/ackbot_description.egg-info to /home/beto/ackbot_ws/install/ackbot_description/lib/python3.10/site-packages/ackbot_description-0.0.0-py3.10.egg-info
[1.056s] running install_scripts
[1.070s] writing list of installed files to '/home/beto/ackbot_ws/build/ackbot_description/install.log'
[1.084s] Invoked command in '/home/beto/ackbot_ws/src/ackbot_description' returned '0': PYTHONPATH=/home/beto/ackbot_ws/build/ackbot_description/prefix_override:/usr/lib/python3/dist-packages/colcon_core/task/python/colcon_distutils_commands:/home/beto/ackbot_ws/install/ackbot_description/lib/python3.10/site-packages:${PYTHONPATH} /usr/bin/python3 -W ignore:setup.py install is deprecated setup.py egg_info --egg-base ../../build/ackbot_description build --build-base /home/beto/ackbot_ws/build/ackbot_description/build install --record /home/beto/ackbot_ws/build/ackbot_description/install.log --single-version-externally-managed install_data
