[0.053s] DEBUG:colcon:Command line arguments: ['/usr/bin/colcon', 'build']
[0.053s] DEBUG:colcon:Parsed command line arguments: Namespace(log_base=None, log_level=None, verb_name='build', build_base='build', install_base='install', merge_install=False, symlink_install=False, test_result_base=None, continue_on_error=False, executor='parallel', parallel_workers=20, event_handlers=None, ignore_user_meta=False, metas=['./colcon.meta'], base_paths=['.'], packages_ignore=None, packages_ignore_regex=None, paths=None, packages_up_to=None, packages_up_to_regex=None, packages_above=None, packages_above_and_dependencies=None, packages_above_depth=None, packages_select_by_dep=None, packages_skip_by_dep=None, packages_skip_up_to=None, packages_select_build_failed=False, packages_skip_build_finished=False, packages_select_test_failures=False, packages_skip_test_passed=False, packages_select=None, packages_skip=None, packages_select_regex=None, packages_skip_regex=None, packages_start=None, packages_end=None, allow_overriding=[], cmake_args=None, cmake_target=None, cmake_target_skip_unavailable=False, cmake_clean_cache=False, cmake_clean_first=False, cmake_force_configure=False, ament_cmake_args=None, catkin_cmake_args=None, catkin_skip_building_tests=False, verb_parser=<colcon_defaults.argument_parser.defaults.DefaultArgumentsDecorator object at 0x7f71535eb910>, verb_extension=<colcon_core.verb.build.BuildVerb object at 0x7f71535304c0>, main=<bound method BuildVerb.main of <colcon_core.verb.build.BuildVerb object at 0x7f71535304c0>>)
[0.128s] Level 1:colcon.colcon_core.package_discovery:discover_packages(colcon_meta) check parameters
[0.128s] Level 1:colcon.colcon_core.package_discovery:discover_packages(recursive) check parameters
[0.128s] Level 1:colcon.colcon_core.package_discovery:discover_packages(ignore) check parameters
[0.128s] Level 1:colcon.colcon_core.package_discovery:discover_packages(path) check parameters
[0.128s] Level 1:colcon.colcon_core.package_discovery:discover_packages(colcon_meta) discover
[0.128s] Level 1:colcon.colcon_core.package_discovery:discover_packages(recursive) discover
[0.128s] INFO:colcon.colcon_core.package_discovery:Crawling recursively for packages in '/home/beto/ackbot_ws'
[0.128s] Level 1:colcon.colcon_core.package_identification:_identify(.) by extensions ['ignore', 'ignore_ament_install']
[0.128s] Level 1:colcon.colcon_core.package_identification:_identify(.) by extension 'ignore'
[0.128s] Level 1:colcon.colcon_core.package_identification:_identify(.) by extension 'ignore_ament_install'
[0.128s] Level 1:colcon.colcon_core.package_identification:_identify(.) by extensions ['colcon_pkg']
[0.128s] Level 1:colcon.colcon_core.package_identification:_identify(.) by extension 'colcon_pkg'
[0.128s] Level 1:colcon.colcon_core.package_identification:_identify(.) by extensions ['colcon_meta']
[0.128s] Level 1:colcon.colcon_core.package_identification:_identify(.) by extension 'colcon_meta'
[0.128s] Level 1:colcon.colcon_core.package_identification:_identify(.) by extensions ['ros']
[0.128s] Level 1:colcon.colcon_core.package_identification:_identify(.) by extension 'ros'
[0.135s] Level 1:colcon.colcon_core.package_identification:_identify(.) by extensions ['cmake', 'python']
[0.135s] Level 1:colcon.colcon_core.package_identification:_identify(.) by extension 'cmake'
[0.135s] Level 1:colcon.colcon_core.package_identification:_identify(.) by extension 'python'
[0.135s] Level 1:colcon.colcon_core.package_identification:_identify(.) by extensions ['python_setup_py']
[0.135s] Level 1:colcon.colcon_core.package_identification:_identify(.) by extension 'python_setup_py'
[0.135s] Level 1:colcon.colcon_core.package_identification:_identify(build) by extensions ['ignore', 'ignore_ament_install']
[0.135s] Level 1:colcon.colcon_core.package_identification:_identify(build) by extension 'ignore'
[0.135s] Level 1:colcon.colcon_core.package_identification:_identify(build) ignored
[0.135s] Level 1:colcon.colcon_core.package_identification:_identify(install) by extensions ['ignore', 'ignore_ament_install']
[0.135s] Level 1:colcon.colcon_core.package_identification:_identify(install) by extension 'ignore'
[0.135s] Level 1:colcon.colcon_core.package_identification:_identify(install) ignored
[0.135s] Level 1:colcon.colcon_core.package_identification:_identify(log) by extensions ['ignore', 'ignore_ament_install']
[0.135s] Level 1:colcon.colcon_core.package_identification:_identify(log) by extension 'ignore'
[0.135s] Level 1:colcon.colcon_core.package_identification:_identify(log) ignored
[0.135s] Level 1:colcon.colcon_core.package_identification:_identify(src) by extensions ['ignore', 'ignore_ament_install']
[0.135s] Level 1:colcon.colcon_core.package_identification:_identify(src) by extension 'ignore'
[0.135s] Level 1:colcon.colcon_core.package_identification:_identify(src) by extension 'ignore_ament_install'
[0.135s] Level 1:colcon.colcon_core.package_identification:_identify(src) by extensions ['colcon_pkg']
[0.135s] Level 1:colcon.colcon_core.package_identification:_identify(src) by extension 'colcon_pkg'
[0.135s] Level 1:colcon.colcon_core.package_identification:_identify(src) by extensions ['colcon_meta']
[0.135s] Level 1:colcon.colcon_core.package_identification:_identify(src) by extension 'colcon_meta'
[0.136s] Level 1:colcon.colcon_core.package_identification:_identify(src) by extensions ['ros']
[0.136s] Level 1:colcon.colcon_core.package_identification:_identify(src) by extension 'ros'
[0.136s] Level 1:colcon.colcon_core.package_identification:_identify(src) by extensions ['cmake', 'python']
[0.136s] Level 1:colcon.colcon_core.package_identification:_identify(src) by extension 'cmake'
[0.136s] Level 1:colcon.colcon_core.package_identification:_identify(src) by extension 'python'
[0.136s] Level 1:colcon.colcon_core.package_identification:_identify(src) by extensions ['python_setup_py']
[0.136s] Level 1:colcon.colcon_core.package_identification:_identify(src) by extension 'python_setup_py'
[0.136s] Level 1:colcon.colcon_core.package_identification:_identify(src/ackbot_description) by extensions ['ignore', 'ignore_ament_install']
[0.136s] Level 1:colcon.colcon_core.package_identification:_identify(src/ackbot_description) by extension 'ignore'
[0.136s] Level 1:colcon.colcon_core.package_identification:_identify(src/ackbot_description) by extension 'ignore_ament_install'
[0.136s] Level 1:colcon.colcon_core.package_identification:_identify(src/ackbot_description) by extensions ['colcon_pkg']
[0.136s] Level 1:colcon.colcon_core.package_identification:_identify(src/ackbot_description) by extension 'colcon_pkg'
[0.136s] Level 1:colcon.colcon_core.package_identification:_identify(src/ackbot_description) by extensions ['colcon_meta']
[0.136s] Level 1:colcon.colcon_core.package_identification:_identify(src/ackbot_description) by extension 'colcon_meta'
[0.136s] Level 1:colcon.colcon_core.package_identification:_identify(src/ackbot_description) by extensions ['ros']
[0.136s] Level 1:colcon.colcon_core.package_identification:_identify(src/ackbot_description) by extension 'ros'
[0.137s] DEBUG:colcon.colcon_core.package_identification:Package 'src/ackbot_description' with type 'ros.ament_python' and name 'ackbot_description'
[0.137s] Level 1:colcon.colcon_core.package_identification:_identify(src/ackbot_nav2_bringup) by extensions ['ignore', 'ignore_ament_install']
[0.137s] Level 1:colcon.colcon_core.package_identification:_identify(src/ackbot_nav2_bringup) by extension 'ignore'
[0.137s] Level 1:colcon.colcon_core.package_identification:_identify(src/ackbot_nav2_bringup) by extension 'ignore_ament_install'
[0.137s] Level 1:colcon.colcon_core.package_identification:_identify(src/ackbot_nav2_bringup) by extensions ['colcon_pkg']
[0.137s] Level 1:colcon.colcon_core.package_identification:_identify(src/ackbot_nav2_bringup) by extension 'colcon_pkg'
[0.137s] Level 1:colcon.colcon_core.package_identification:_identify(src/ackbot_nav2_bringup) by extensions ['colcon_meta']
[0.137s] Level 1:colcon.colcon_core.package_identification:_identify(src/ackbot_nav2_bringup) by extension 'colcon_meta'
[0.137s] Level 1:colcon.colcon_core.package_identification:_identify(src/ackbot_nav2_bringup) by extensions ['ros']
[0.137s] Level 1:colcon.colcon_core.package_identification:_identify(src/ackbot_nav2_bringup) by extension 'ros'
[0.138s] DEBUG:colcon.colcon_core.package_identification:Package 'src/ackbot_nav2_bringup' with type 'ros.ament_python' and name 'ackbot_nav2_bringup'
[0.138s] Level 1:colcon.colcon_core.package_identification:_identify(src/ackbot_slam_launch) by extensions ['ignore', 'ignore_ament_install']
[0.138s] Level 1:colcon.colcon_core.package_identification:_identify(src/ackbot_slam_launch) by extension 'ignore'
[0.138s] Level 1:colcon.colcon_core.package_identification:_identify(src/ackbot_slam_launch) by extension 'ignore_ament_install'
[0.138s] Level 1:colcon.colcon_core.package_identification:_identify(src/ackbot_slam_launch) by extensions ['colcon_pkg']
[0.138s] Level 1:colcon.colcon_core.package_identification:_identify(src/ackbot_slam_launch) by extension 'colcon_pkg'
[0.138s] Level 1:colcon.colcon_core.package_identification:_identify(src/ackbot_slam_launch) by extensions ['colcon_meta']
[0.138s] Level 1:colcon.colcon_core.package_identification:_identify(src/ackbot_slam_launch) by extension 'colcon_meta'
[0.138s] Level 1:colcon.colcon_core.package_identification:_identify(src/ackbot_slam_launch) by extensions ['ros']
[0.138s] Level 1:colcon.colcon_core.package_identification:_identify(src/ackbot_slam_launch) by extension 'ros'
[0.138s] DEBUG:colcon.colcon_core.package_identification:Package 'src/ackbot_slam_launch' with type 'ros.ament_python' and name 'ackbot_slam_launch'
[0.138s] Level 1:colcon.colcon_core.package_identification:_identify(src/ps4_controller) by extensions ['ignore', 'ignore_ament_install']
[0.138s] Level 1:colcon.colcon_core.package_identification:_identify(src/ps4_controller) by extension 'ignore'
[0.138s] Level 1:colcon.colcon_core.package_identification:_identify(src/ps4_controller) by extension 'ignore_ament_install'
[0.138s] Level 1:colcon.colcon_core.package_identification:_identify(src/ps4_controller) by extensions ['colcon_pkg']
[0.138s] Level 1:colcon.colcon_core.package_identification:_identify(src/ps4_controller) by extension 'colcon_pkg'
[0.138s] Level 1:colcon.colcon_core.package_identification:_identify(src/ps4_controller) by extensions ['colcon_meta']
[0.138s] Level 1:colcon.colcon_core.package_identification:_identify(src/ps4_controller) by extension 'colcon_meta'
[0.138s] Level 1:colcon.colcon_core.package_identification:_identify(src/ps4_controller) by extensions ['ros']
[0.139s] Level 1:colcon.colcon_core.package_identification:_identify(src/ps4_controller) by extension 'ros'
[0.139s] DEBUG:colcon.colcon_core.package_identification:Package 'src/ps4_controller' with type 'ros.ament_python' and name 'ps4_controller'
[0.139s] Level 1:colcon.colcon_core.package_identification:_identify(src/webcam_feed) by extensions ['ignore', 'ignore_ament_install']
[0.139s] Level 1:colcon.colcon_core.package_identification:_identify(src/webcam_feed) by extension 'ignore'
[0.139s] Level 1:colcon.colcon_core.package_identification:_identify(src/webcam_feed) by extension 'ignore_ament_install'
[0.139s] Level 1:colcon.colcon_core.package_identification:_identify(src/webcam_feed) by extensions ['colcon_pkg']
[0.139s] Level 1:colcon.colcon_core.package_identification:_identify(src/webcam_feed) by extension 'colcon_pkg'
[0.139s] Level 1:colcon.colcon_core.package_identification:_identify(src/webcam_feed) by extensions ['colcon_meta']
[0.139s] Level 1:colcon.colcon_core.package_identification:_identify(src/webcam_feed) by extension 'colcon_meta'
[0.139s] Level 1:colcon.colcon_core.package_identification:_identify(src/webcam_feed) by extensions ['ros']
[0.139s] Level 1:colcon.colcon_core.package_identification:_identify(src/webcam_feed) by extension 'ros'
[0.139s] DEBUG:colcon.colcon_core.package_identification:Package 'src/webcam_feed' with type 'ros.ament_python' and name 'webcam_feed'
[0.139s] Level 1:colcon.colcon_core.package_discovery:discover_packages(recursive) using defaults
[0.139s] Level 1:colcon.colcon_core.package_discovery:discover_packages(ignore) discover
[0.140s] Level 1:colcon.colcon_core.package_discovery:discover_packages(ignore) using defaults
[0.140s] Level 1:colcon.colcon_core.package_discovery:discover_packages(path) discover
[0.140s] Level 1:colcon.colcon_core.package_discovery:discover_packages(path) using defaults
[0.151s] Level 1:colcon.colcon_core.package_discovery:discover_packages(prefix_path) check parameters
[0.151s] Level 1:colcon.colcon_core.package_discovery:discover_packages(prefix_path) discover
[0.152s] DEBUG:colcon.colcon_installed_package_information.package_discovery:Found 5 installed packages in /home/beto/ackbot_ws/install
[0.152s] DEBUG:colcon.colcon_installed_package_information.package_discovery:Found 315 installed packages in /opt/ros/humble
[0.153s] Level 1:colcon.colcon_core.package_discovery:discover_packages(prefix_path) using defaults
[0.178s] Level 5:colcon.colcon_core.verb:set package 'ackbot_description' build argument 'cmake_args' from command line to 'None'
[0.178s] Level 5:colcon.colcon_core.verb:set package 'ackbot_description' build argument 'cmake_target' from command line to 'None'
[0.178s] Level 5:colcon.colcon_core.verb:set package 'ackbot_description' build argument 'cmake_target_skip_unavailable' from command line to 'False'
[0.178s] Level 5:colcon.colcon_core.verb:set package 'ackbot_description' build argument 'cmake_clean_cache' from command line to 'False'
[0.178s] Level 5:colcon.colcon_core.verb:set package 'ackbot_description' build argument 'cmake_clean_first' from command line to 'False'
[0.178s] Level 5:colcon.colcon_core.verb:set package 'ackbot_description' build argument 'cmake_force_configure' from command line to 'False'
[0.178s] Level 5:colcon.colcon_core.verb:set package 'ackbot_description' build argument 'ament_cmake_args' from command line to 'None'
[0.178s] Level 5:colcon.colcon_core.verb:set package 'ackbot_description' build argument 'catkin_cmake_args' from command line to 'None'
[0.178s] Level 5:colcon.colcon_core.verb:set package 'ackbot_description' build argument 'catkin_skip_building_tests' from command line to 'False'
[0.178s] DEBUG:colcon.colcon_core.verb:Building package 'ackbot_description' with the following arguments: {'ament_cmake_args': None, 'build_base': '/home/beto/ackbot_ws/build/ackbot_description', 'catkin_cmake_args': None, 'catkin_skip_building_tests': False, 'cmake_args': None, 'cmake_clean_cache': False, 'cmake_clean_first': False, 'cmake_force_configure': False, 'cmake_target': None, 'cmake_target_skip_unavailable': False, 'install_base': '/home/beto/ackbot_ws/install/ackbot_description', 'merge_install': False, 'path': '/home/beto/ackbot_ws/src/ackbot_description', 'symlink_install': False, 'test_result_base': None}
[0.178s] Level 5:colcon.colcon_core.verb:set package 'ackbot_nav2_bringup' build argument 'cmake_args' from command line to 'None'
[0.178s] Level 5:colcon.colcon_core.verb:set package 'ackbot_nav2_bringup' build argument 'cmake_target' from command line to 'None'
[0.178s] Level 5:colcon.colcon_core.verb:set package 'ackbot_nav2_bringup' build argument 'cmake_target_skip_unavailable' from command line to 'False'
[0.178s] Level 5:colcon.colcon_core.verb:set package 'ackbot_nav2_bringup' build argument 'cmake_clean_cache' from command line to 'False'
[0.178s] Level 5:colcon.colcon_core.verb:set package 'ackbot_nav2_bringup' build argument 'cmake_clean_first' from command line to 'False'
[0.178s] Level 5:colcon.colcon_core.verb:set package 'ackbot_nav2_bringup' build argument 'cmake_force_configure' from command line to 'False'
[0.178s] Level 5:colcon.colcon_core.verb:set package 'ackbot_nav2_bringup' build argument 'ament_cmake_args' from command line to 'None'
[0.178s] Level 5:colcon.colcon_core.verb:set package 'ackbot_nav2_bringup' build argument 'catkin_cmake_args' from command line to 'None'
[0.178s] Level 5:colcon.colcon_core.verb:set package 'ackbot_nav2_bringup' build argument 'catkin_skip_building_tests' from command line to 'False'
[0.178s] DEBUG:colcon.colcon_core.verb:Building package 'ackbot_nav2_bringup' with the following arguments: {'ament_cmake_args': None, 'build_base': '/home/beto/ackbot_ws/build/ackbot_nav2_bringup', 'catkin_cmake_args': None, 'catkin_skip_building_tests': False, 'cmake_args': None, 'cmake_clean_cache': False, 'cmake_clean_first': False, 'cmake_force_configure': False, 'cmake_target': None, 'cmake_target_skip_unavailable': False, 'install_base': '/home/beto/ackbot_ws/install/ackbot_nav2_bringup', 'merge_install': False, 'path': '/home/beto/ackbot_ws/src/ackbot_nav2_bringup', 'symlink_install': False, 'test_result_base': None}
[0.179s] Level 5:colcon.colcon_core.verb:set package 'ackbot_slam_launch' build argument 'cmake_args' from command line to 'None'
[0.179s] Level 5:colcon.colcon_core.verb:set package 'ackbot_slam_launch' build argument 'cmake_target' from command line to 'None'
[0.179s] Level 5:colcon.colcon_core.verb:set package 'ackbot_slam_launch' build argument 'cmake_target_skip_unavailable' from command line to 'False'
[0.179s] Level 5:colcon.colcon_core.verb:set package 'ackbot_slam_launch' build argument 'cmake_clean_cache' from command line to 'False'
[0.179s] Level 5:colcon.colcon_core.verb:set package 'ackbot_slam_launch' build argument 'cmake_clean_first' from command line to 'False'
[0.179s] Level 5:colcon.colcon_core.verb:set package 'ackbot_slam_launch' build argument 'cmake_force_configure' from command line to 'False'
[0.179s] Level 5:colcon.colcon_core.verb:set package 'ackbot_slam_launch' build argument 'ament_cmake_args' from command line to 'None'
[0.179s] Level 5:colcon.colcon_core.verb:set package 'ackbot_slam_launch' build argument 'catkin_cmake_args' from command line to 'None'
[0.179s] Level 5:colcon.colcon_core.verb:set package 'ackbot_slam_launch' build argument 'catkin_skip_building_tests' from command line to 'False'
[0.179s] DEBUG:colcon.colcon_core.verb:Building package 'ackbot_slam_launch' with the following arguments: {'ament_cmake_args': None, 'build_base': '/home/beto/ackbot_ws/build/ackbot_slam_launch', 'catkin_cmake_args': None, 'catkin_skip_building_tests': False, 'cmake_args': None, 'cmake_clean_cache': False, 'cmake_clean_first': False, 'cmake_force_configure': False, 'cmake_target': None, 'cmake_target_skip_unavailable': False, 'install_base': '/home/beto/ackbot_ws/install/ackbot_slam_launch', 'merge_install': False, 'path': '/home/beto/ackbot_ws/src/ackbot_slam_launch', 'symlink_install': False, 'test_result_base': None}
[0.179s] Level 5:colcon.colcon_core.verb:set package 'ps4_controller' build argument 'cmake_args' from command line to 'None'
[0.179s] Level 5:colcon.colcon_core.verb:set package 'ps4_controller' build argument 'cmake_target' from command line to 'None'
[0.179s] Level 5:colcon.colcon_core.verb:set package 'ps4_controller' build argument 'cmake_target_skip_unavailable' from command line to 'False'
[0.179s] Level 5:colcon.colcon_core.verb:set package 'ps4_controller' build argument 'cmake_clean_cache' from command line to 'False'
[0.179s] Level 5:colcon.colcon_core.verb:set package 'ps4_controller' build argument 'cmake_clean_first' from command line to 'False'
[0.179s] Level 5:colcon.colcon_core.verb:set package 'ps4_controller' build argument 'cmake_force_configure' from command line to 'False'
[0.179s] Level 5:colcon.colcon_core.verb:set package 'ps4_controller' build argument 'ament_cmake_args' from command line to 'None'
[0.179s] Level 5:colcon.colcon_core.verb:set package 'ps4_controller' build argument 'catkin_cmake_args' from command line to 'None'
[0.179s] Level 5:colcon.colcon_core.verb:set package 'ps4_controller' build argument 'catkin_skip_building_tests' from command line to 'False'
[0.179s] DEBUG:colcon.colcon_core.verb:Building package 'ps4_controller' with the following arguments: {'ament_cmake_args': None, 'build_base': '/home/beto/ackbot_ws/build/ps4_controller', 'catkin_cmake_args': None, 'catkin_skip_building_tests': False, 'cmake_args': None, 'cmake_clean_cache': False, 'cmake_clean_first': False, 'cmake_force_configure': False, 'cmake_target': None, 'cmake_target_skip_unavailable': False, 'install_base': '/home/beto/ackbot_ws/install/ps4_controller', 'merge_install': False, 'path': '/home/beto/ackbot_ws/src/ps4_controller', 'symlink_install': False, 'test_result_base': None}
[0.179s] Level 5:colcon.colcon_core.verb:set package 'webcam_feed' build argument 'cmake_args' from command line to 'None'
[0.179s] Level 5:colcon.colcon_core.verb:set package 'webcam_feed' build argument 'cmake_target' from command line to 'None'
[0.179s] Level 5:colcon.colcon_core.verb:set package 'webcam_feed' build argument 'cmake_target_skip_unavailable' from command line to 'False'
[0.179s] Level 5:colcon.colcon_core.verb:set package 'webcam_feed' build argument 'cmake_clean_cache' from command line to 'False'
[0.179s] Level 5:colcon.colcon_core.verb:set package 'webcam_feed' build argument 'cmake_clean_first' from command line to 'False'
[0.179s] Level 5:colcon.colcon_core.verb:set package 'webcam_feed' build argument 'cmake_force_configure' from command line to 'False'
[0.179s] Level 5:colcon.colcon_core.verb:set package 'webcam_feed' build argument 'ament_cmake_args' from command line to 'None'
[0.179s] Level 5:colcon.colcon_core.verb:set package 'webcam_feed' build argument 'catkin_cmake_args' from command line to 'None'
[0.179s] Level 5:colcon.colcon_core.verb:set package 'webcam_feed' build argument 'catkin_skip_building_tests' from command line to 'False'
[0.179s] DEBUG:colcon.colcon_core.verb:Building package 'webcam_feed' with the following arguments: {'ament_cmake_args': None, 'build_base': '/home/beto/ackbot_ws/build/webcam_feed', 'catkin_cmake_args': None, 'catkin_skip_building_tests': False, 'cmake_args': None, 'cmake_clean_cache': False, 'cmake_clean_first': False, 'cmake_force_configure': False, 'cmake_target': None, 'cmake_target_skip_unavailable': False, 'install_base': '/home/beto/ackbot_ws/install/webcam_feed', 'merge_install': False, 'path': '/home/beto/ackbot_ws/src/webcam_feed', 'symlink_install': False, 'test_result_base': None}
[0.179s] INFO:colcon.colcon_core.executor:Executing jobs using 'parallel' executor
[0.180s] DEBUG:colcon.colcon_parallel_executor.executor.parallel:run_until_complete
[0.180s] INFO:colcon.colcon_ros.task.ament_python.build:Building ROS package in '/home/beto/ackbot_ws/src/ackbot_description' with build type 'ament_python'
[0.180s] Level 1:colcon.colcon_core.shell:create_environment_hook('ackbot_description', 'ament_prefix_path')
[0.182s] INFO:colcon.colcon_core.plugin_system:Skipping extension 'colcon_core.shell.bat': Not used on non-Windows systems
[0.182s] INFO:colcon.colcon_core.shell:Creating environment hook '/home/beto/ackbot_ws/install/ackbot_description/share/ackbot_description/hook/ament_prefix_path.ps1'
[0.182s] INFO:colcon.colcon_core.shell:Creating environment descriptor '/home/beto/ackbot_ws/install/ackbot_description/share/ackbot_description/hook/ament_prefix_path.dsv'
[0.182s] INFO:colcon.colcon_core.shell:Creating environment hook '/home/beto/ackbot_ws/install/ackbot_description/share/ackbot_description/hook/ament_prefix_path.sh'
[0.183s] INFO:colcon.colcon_core.shell:Skip shell extension 'powershell' for command environment: Not usable outside of PowerShell
[0.183s] DEBUG:colcon.colcon_core.shell:Skip shell extension 'dsv' for command environment
[0.184s] INFO:colcon.colcon_ros.task.ament_python.build:Building ROS package in '/home/beto/ackbot_ws/src/ackbot_nav2_bringup' with build type 'ament_python'
[0.184s] Level 1:colcon.colcon_core.shell:create_environment_hook('ackbot_nav2_bringup', 'ament_prefix_path')
[0.185s] INFO:colcon.colcon_core.shell:Creating environment hook '/home/beto/ackbot_ws/install/ackbot_nav2_bringup/share/ackbot_nav2_bringup/hook/ament_prefix_path.ps1'
[0.185s] INFO:colcon.colcon_core.shell:Creating environment descriptor '/home/beto/ackbot_ws/install/ackbot_nav2_bringup/share/ackbot_nav2_bringup/hook/ament_prefix_path.dsv'
[0.185s] INFO:colcon.colcon_core.shell:Creating environment hook '/home/beto/ackbot_ws/install/ackbot_nav2_bringup/share/ackbot_nav2_bringup/hook/ament_prefix_path.sh'
[0.185s] INFO:colcon.colcon_core.shell:Skip shell extension 'powershell' for command environment: Not usable outside of PowerShell
[0.185s] DEBUG:colcon.colcon_core.shell:Skip shell extension 'dsv' for command environment
[0.187s] INFO:colcon.colcon_ros.task.ament_python.build:Building ROS package in '/home/beto/ackbot_ws/src/ackbot_slam_launch' with build type 'ament_python'
[0.187s] Level 1:colcon.colcon_core.shell:create_environment_hook('ackbot_slam_launch', 'ament_prefix_path')
[0.187s] INFO:colcon.colcon_core.shell:Creating environment hook '/home/beto/ackbot_ws/install/ackbot_slam_launch/share/ackbot_slam_launch/hook/ament_prefix_path.ps1'
[0.187s] INFO:colcon.colcon_core.shell:Creating environment descriptor '/home/beto/ackbot_ws/install/ackbot_slam_launch/share/ackbot_slam_launch/hook/ament_prefix_path.dsv'
[0.188s] INFO:colcon.colcon_core.shell:Creating environment hook '/home/beto/ackbot_ws/install/ackbot_slam_launch/share/ackbot_slam_launch/hook/ament_prefix_path.sh'
[0.188s] INFO:colcon.colcon_core.shell:Skip shell extension 'powershell' for command environment: Not usable outside of PowerShell
[0.188s] DEBUG:colcon.colcon_core.shell:Skip shell extension 'dsv' for command environment
[0.190s] INFO:colcon.colcon_ros.task.ament_python.build:Building ROS package in '/home/beto/ackbot_ws/src/ps4_controller' with build type 'ament_python'
[0.190s] Level 1:colcon.colcon_core.shell:create_environment_hook('ps4_controller', 'ament_prefix_path')
[0.190s] INFO:colcon.colcon_core.shell:Creating environment hook '/home/beto/ackbot_ws/install/ps4_controller/share/ps4_controller/hook/ament_prefix_path.ps1'
[0.190s] INFO:colcon.colcon_core.shell:Creating environment descriptor '/home/beto/ackbot_ws/install/ps4_controller/share/ps4_controller/hook/ament_prefix_path.dsv'
[0.190s] INFO:colcon.colcon_core.shell:Creating environment hook '/home/beto/ackbot_ws/install/ps4_controller/share/ps4_controller/hook/ament_prefix_path.sh'
[0.190s] INFO:colcon.colcon_core.shell:Skip shell extension 'powershell' for command environment: Not usable outside of PowerShell
[0.190s] DEBUG:colcon.colcon_core.shell:Skip shell extension 'dsv' for command environment
[0.192s] INFO:colcon.colcon_ros.task.ament_python.build:Building ROS package in '/home/beto/ackbot_ws/src/webcam_feed' with build type 'ament_python'
[0.192s] Level 1:colcon.colcon_core.shell:create_environment_hook('webcam_feed', 'ament_prefix_path')
[0.192s] INFO:colcon.colcon_core.shell:Creating environment hook '/home/beto/ackbot_ws/install/webcam_feed/share/webcam_feed/hook/ament_prefix_path.ps1'
[0.192s] INFO:colcon.colcon_core.shell:Creating environment descriptor '/home/beto/ackbot_ws/install/webcam_feed/share/webcam_feed/hook/ament_prefix_path.dsv'
[0.193s] INFO:colcon.colcon_core.shell:Creating environment hook '/home/beto/ackbot_ws/install/webcam_feed/share/webcam_feed/hook/ament_prefix_path.sh'
[0.193s] INFO:colcon.colcon_core.shell:Skip shell extension 'powershell' for command environment: Not usable outside of PowerShell
[0.193s] DEBUG:colcon.colcon_core.shell:Skip shell extension 'dsv' for command environment
[0.329s] INFO:colcon.colcon_core.task.python.build:Building Python package in '/home/beto/ackbot_ws/src/ackbot_description'
[0.329s] INFO:colcon.colcon_core.shell:Skip shell extension 'powershell' for command environment: Not usable outside of PowerShell
[0.329s] DEBUG:colcon.colcon_core.shell:Skip shell extension 'dsv' for command environment
[0.453s] INFO:colcon.colcon_core.task.python.build:Building Python package in '/home/beto/ackbot_ws/src/ackbot_nav2_bringup'
[0.454s] INFO:colcon.colcon_core.shell:Skip shell extension 'powershell' for command environment: Not usable outside of PowerShell
[0.454s] DEBUG:colcon.colcon_core.shell:Skip shell extension 'dsv' for command environment
[0.583s] INFO:colcon.colcon_core.task.python.build:Building Python package in '/home/beto/ackbot_ws/src/ackbot_slam_launch'
[0.583s] INFO:colcon.colcon_core.shell:Skip shell extension 'powershell' for command environment: Not usable outside of PowerShell
[0.583s] DEBUG:colcon.colcon_core.shell:Skip shell extension 'dsv' for command environment
[0.710s] INFO:colcon.colcon_core.task.python.build:Building Python package in '/home/beto/ackbot_ws/src/ps4_controller'
[0.711s] INFO:colcon.colcon_core.shell:Skip shell extension 'powershell' for command environment: Not usable outside of PowerShell
[0.711s] DEBUG:colcon.colcon_core.shell:Skip shell extension 'dsv' for command environment
[0.838s] INFO:colcon.colcon_core.task.python.build:Building Python package in '/home/beto/ackbot_ws/src/webcam_feed'
[0.838s] INFO:colcon.colcon_core.shell:Skip shell extension 'powershell' for command environment: Not usable outside of PowerShell
[0.838s] DEBUG:colcon.colcon_core.shell:Skip shell extension 'dsv' for command environment
[1.062s] DEBUG:colcon.colcon_core.event_handler.log_command:Invoking command in '/home/beto/ackbot_ws/src/ackbot_nav2_bringup': PYTHONPATH=/home/beto/ackbot_ws/build/ackbot_nav2_bringup/prefix_override:/usr/lib/python3/dist-packages/colcon_core/task/python/colcon_distutils_commands:/home/beto/ackbot_ws/install/ackbot_nav2_bringup/lib/python3.10/site-packages:${PYTHONPATH} /usr/bin/python3 -W ignore:setup.py install is deprecated setup.py egg_info --egg-base ../../build/ackbot_nav2_bringup build --build-base /home/beto/ackbot_ws/build/ackbot_nav2_bringup/build install --record /home/beto/ackbot_ws/build/ackbot_nav2_bringup/install.log --single-version-externally-managed install_data
[1.063s] DEBUG:colcon.colcon_core.event_handler.log_command:Invoking command in '/home/beto/ackbot_ws/src/ackbot_slam_launch': PYTHONPATH=/home/beto/ackbot_ws/build/ackbot_slam_launch/prefix_override:/usr/lib/python3/dist-packages/colcon_core/task/python/colcon_distutils_commands:/home/beto/ackbot_ws/install/ackbot_slam_launch/lib/python3.10/site-packages:${PYTHONPATH} /usr/bin/python3 -W ignore:setup.py install is deprecated setup.py egg_info --egg-base ../../build/ackbot_slam_launch build --build-base /home/beto/ackbot_ws/build/ackbot_slam_launch/build install --record /home/beto/ackbot_ws/build/ackbot_slam_launch/install.log --single-version-externally-managed install_data
[1.066s] DEBUG:colcon.colcon_core.event_handler.log_command:Invoking command in '/home/beto/ackbot_ws/src/ackbot_description': PYTHONPATH=/home/beto/ackbot_ws/build/ackbot_description/prefix_override:/usr/lib/python3/dist-packages/colcon_core/task/python/colcon_distutils_commands:/home/beto/ackbot_ws/install/ackbot_description/lib/python3.10/site-packages:${PYTHONPATH} /usr/bin/python3 -W ignore:setup.py install is deprecated setup.py egg_info --egg-base ../../build/ackbot_description build --build-base /home/beto/ackbot_ws/build/ackbot_description/build install --record /home/beto/ackbot_ws/build/ackbot_description/install.log --single-version-externally-managed install_data
[1.066s] DEBUG:colcon.colcon_core.event_handler.log_command:Invoking command in '/home/beto/ackbot_ws/src/webcam_feed': PYTHONPATH=/home/beto/ackbot_ws/build/webcam_feed/prefix_override:/usr/lib/python3/dist-packages/colcon_core/task/python/colcon_distutils_commands:/home/beto/ackbot_ws/install/webcam_feed/lib/python3.10/site-packages:${PYTHONPATH} /usr/bin/python3 -W ignore:setup.py install is deprecated setup.py egg_info --egg-base ../../build/webcam_feed build --build-base /home/beto/ackbot_ws/build/webcam_feed/build install --record /home/beto/ackbot_ws/build/webcam_feed/install.log --single-version-externally-managed install_data
[1.070s] DEBUG:colcon.colcon_core.event_handler.log_command:Invoking command in '/home/beto/ackbot_ws/src/ps4_controller': PYTHONPATH=/home/beto/ackbot_ws/build/ps4_controller/prefix_override:/usr/lib/python3/dist-packages/colcon_core/task/python/colcon_distutils_commands:/home/beto/ackbot_ws/install/ps4_controller/lib/python3.10/site-packages:${PYTHONPATH} /usr/bin/python3 -W ignore:setup.py install is deprecated setup.py egg_info --egg-base ../../build/ps4_controller build --build-base /home/beto/ackbot_ws/build/ps4_controller/build install --record /home/beto/ackbot_ws/build/ps4_controller/install.log --single-version-externally-managed install_data
[1.259s] DEBUG:colcon.colcon_core.event_handler.log_command:Invoked command in '/home/beto/ackbot_ws/src/ackbot_slam_launch' returned '0': PYTHONPATH=/home/beto/ackbot_ws/build/ackbot_slam_launch/prefix_override:/usr/lib/python3/dist-packages/colcon_core/task/python/colcon_distutils_commands:/home/beto/ackbot_ws/install/ackbot_slam_launch/lib/python3.10/site-packages:${PYTHONPATH} /usr/bin/python3 -W ignore:setup.py install is deprecated setup.py egg_info --egg-base ../../build/ackbot_slam_launch build --build-base /home/beto/ackbot_ws/build/ackbot_slam_launch/build install --record /home/beto/ackbot_ws/build/ackbot_slam_launch/install.log --single-version-externally-managed install_data
[1.261s] Level 1:colcon.colcon_core.environment:checking '/home/beto/ackbot_ws/install/ackbot_slam_launch' for CMake module files
[1.261s] Level 1:colcon.colcon_core.environment:checking '/home/beto/ackbot_ws/install/ackbot_slam_launch' for CMake config files
[1.261s] Level 1:colcon.colcon_core.environment:checking '/home/beto/ackbot_ws/install/ackbot_slam_launch/lib'
[1.262s] Level 1:colcon.colcon_core.environment:checking '/home/beto/ackbot_ws/install/ackbot_slam_launch/bin'
[1.262s] Level 1:colcon.colcon_core.environment:checking '/home/beto/ackbot_ws/install/ackbot_slam_launch/lib/pkgconfig/ackbot_slam_launch.pc'
[1.262s] Level 1:colcon.colcon_core.environment:checking '/home/beto/ackbot_ws/install/ackbot_slam_launch/lib/python3.10/site-packages'
[1.262s] Level 1:colcon.colcon_core.shell:create_environment_hook('ackbot_slam_launch', 'pythonpath')
[1.262s] INFO:colcon.colcon_core.shell:Creating environment hook '/home/beto/ackbot_ws/install/ackbot_slam_launch/share/ackbot_slam_launch/hook/pythonpath.ps1'
[1.263s] INFO:colcon.colcon_core.shell:Creating environment descriptor '/home/beto/ackbot_ws/install/ackbot_slam_launch/share/ackbot_slam_launch/hook/pythonpath.dsv'
[1.263s] INFO:colcon.colcon_core.shell:Creating environment hook '/home/beto/ackbot_ws/install/ackbot_slam_launch/share/ackbot_slam_launch/hook/pythonpath.sh'
[1.263s] Level 1:colcon.colcon_core.environment:checking '/home/beto/ackbot_ws/install/ackbot_slam_launch/bin'
[1.264s] Level 1:colcon.colcon_core.environment:create_environment_scripts_only(ackbot_slam_launch)
[1.264s] INFO:colcon.colcon_core.shell:Creating package script '/home/beto/ackbot_ws/install/ackbot_slam_launch/share/ackbot_slam_launch/package.ps1'
[1.264s] INFO:colcon.colcon_core.shell:Creating package descriptor '/home/beto/ackbot_ws/install/ackbot_slam_launch/share/ackbot_slam_launch/package.dsv'
[1.265s] INFO:colcon.colcon_core.shell:Creating package script '/home/beto/ackbot_ws/install/ackbot_slam_launch/share/ackbot_slam_launch/package.sh'
[1.265s] INFO:colcon.colcon_core.shell:Creating package script '/home/beto/ackbot_ws/install/ackbot_slam_launch/share/ackbot_slam_launch/package.bash'
[1.265s] INFO:colcon.colcon_core.shell:Creating package script '/home/beto/ackbot_ws/install/ackbot_slam_launch/share/ackbot_slam_launch/package.zsh'
[1.266s] Level 1:colcon.colcon_core.environment:create_file_with_runtime_dependencies(/home/beto/ackbot_ws/install/ackbot_slam_launch/share/colcon-core/packages/ackbot_slam_launch)
[1.268s] Level 1:colcon.colcon_core.environment:checking '/home/beto/ackbot_ws/install/ackbot_nav2_bringup' for CMake module files
[1.269s] DEBUG:colcon.colcon_core.event_handler.log_command:Invoked command in '/home/beto/ackbot_ws/src/ackbot_nav2_bringup' returned '0': PYTHONPATH=/home/beto/ackbot_ws/build/ackbot_nav2_bringup/prefix_override:/usr/lib/python3/dist-packages/colcon_core/task/python/colcon_distutils_commands:/home/beto/ackbot_ws/install/ackbot_nav2_bringup/lib/python3.10/site-packages:${PYTHONPATH} /usr/bin/python3 -W ignore:setup.py install is deprecated setup.py egg_info --egg-base ../../build/ackbot_nav2_bringup build --build-base /home/beto/ackbot_ws/build/ackbot_nav2_bringup/build install --record /home/beto/ackbot_ws/build/ackbot_nav2_bringup/install.log --single-version-externally-managed install_data
[1.269s] Level 1:colcon.colcon_core.environment:checking '/home/beto/ackbot_ws/install/ackbot_nav2_bringup' for CMake config files
[1.269s] Level 1:colcon.colcon_core.environment:checking '/home/beto/ackbot_ws/install/ackbot_nav2_bringup/lib'
[1.269s] Level 1:colcon.colcon_core.environment:checking '/home/beto/ackbot_ws/install/ackbot_nav2_bringup/bin'
[1.269s] Level 1:colcon.colcon_core.environment:checking '/home/beto/ackbot_ws/install/ackbot_nav2_bringup/lib/pkgconfig/ackbot_nav2_bringup.pc'
[1.270s] Level 1:colcon.colcon_core.environment:checking '/home/beto/ackbot_ws/install/ackbot_nav2_bringup/lib/python3.10/site-packages'
[1.270s] Level 1:colcon.colcon_core.shell:create_environment_hook('ackbot_nav2_bringup', 'pythonpath')
[1.270s] INFO:colcon.colcon_core.shell:Creating environment hook '/home/beto/ackbot_ws/install/ackbot_nav2_bringup/share/ackbot_nav2_bringup/hook/pythonpath.ps1'
[1.270s] INFO:colcon.colcon_core.shell:Creating environment descriptor '/home/beto/ackbot_ws/install/ackbot_nav2_bringup/share/ackbot_nav2_bringup/hook/pythonpath.dsv'
[1.271s] INFO:colcon.colcon_core.shell:Creating environment hook '/home/beto/ackbot_ws/install/ackbot_nav2_bringup/share/ackbot_nav2_bringup/hook/pythonpath.sh'
[1.271s] Level 1:colcon.colcon_core.environment:checking '/home/beto/ackbot_ws/install/ackbot_nav2_bringup/bin'
[1.271s] Level 1:colcon.colcon_core.environment:create_environment_scripts_only(ackbot_nav2_bringup)
[1.272s] INFO:colcon.colcon_core.shell:Creating package script '/home/beto/ackbot_ws/install/ackbot_nav2_bringup/share/ackbot_nav2_bringup/package.ps1'
[1.272s] INFO:colcon.colcon_core.shell:Creating package descriptor '/home/beto/ackbot_ws/install/ackbot_nav2_bringup/share/ackbot_nav2_bringup/package.dsv'
[1.272s] INFO:colcon.colcon_core.shell:Creating package script '/home/beto/ackbot_ws/install/ackbot_nav2_bringup/share/ackbot_nav2_bringup/package.sh'
[1.273s] INFO:colcon.colcon_core.shell:Creating package script '/home/beto/ackbot_ws/install/ackbot_nav2_bringup/share/ackbot_nav2_bringup/package.bash'
[1.273s] INFO:colcon.colcon_core.shell:Creating package script '/home/beto/ackbot_ws/install/ackbot_nav2_bringup/share/ackbot_nav2_bringup/package.zsh'
[1.273s] Level 1:colcon.colcon_core.environment:create_file_with_runtime_dependencies(/home/beto/ackbot_ws/install/ackbot_nav2_bringup/share/colcon-core/packages/ackbot_nav2_bringup)
[1.273s] Level 1:colcon.colcon_core.environment:checking '/home/beto/ackbot_ws/install/ackbot_description' for CMake module files
[1.274s] DEBUG:colcon.colcon_core.event_handler.log_command:Invoked command in '/home/beto/ackbot_ws/src/ackbot_description' returned '0': PYTHONPATH=/home/beto/ackbot_ws/build/ackbot_description/prefix_override:/usr/lib/python3/dist-packages/colcon_core/task/python/colcon_distutils_commands:/home/beto/ackbot_ws/install/ackbot_description/lib/python3.10/site-packages:${PYTHONPATH} /usr/bin/python3 -W ignore:setup.py install is deprecated setup.py egg_info --egg-base ../../build/ackbot_description build --build-base /home/beto/ackbot_ws/build/ackbot_description/build install --record /home/beto/ackbot_ws/build/ackbot_description/install.log --single-version-externally-managed install_data
[1.274s] Level 1:colcon.colcon_core.environment:checking '/home/beto/ackbot_ws/install/ackbot_description' for CMake config files
[1.274s] Level 1:colcon.colcon_core.environment:checking '/home/beto/ackbot_ws/install/ackbot_description/lib'
[1.274s] Level 1:colcon.colcon_core.environment:checking '/home/beto/ackbot_ws/install/ackbot_description/bin'
[1.274s] Level 1:colcon.colcon_core.environment:checking '/home/beto/ackbot_ws/install/ackbot_description/lib/pkgconfig/ackbot_description.pc'
[1.275s] Level 1:colcon.colcon_core.environment:checking '/home/beto/ackbot_ws/install/ackbot_description/lib/python3.10/site-packages'
[1.275s] Level 1:colcon.colcon_core.shell:create_environment_hook('ackbot_description', 'pythonpath')
[1.275s] INFO:colcon.colcon_core.shell:Creating environment hook '/home/beto/ackbot_ws/install/ackbot_description/share/ackbot_description/hook/pythonpath.ps1'
[1.275s] INFO:colcon.colcon_core.shell:Creating environment descriptor '/home/beto/ackbot_ws/install/ackbot_description/share/ackbot_description/hook/pythonpath.dsv'
[1.275s] INFO:colcon.colcon_core.shell:Creating environment hook '/home/beto/ackbot_ws/install/ackbot_description/share/ackbot_description/hook/pythonpath.sh'
[1.275s] Level 1:colcon.colcon_core.environment:checking '/home/beto/ackbot_ws/install/ackbot_description/bin'
[1.275s] Level 1:colcon.colcon_core.environment:create_environment_scripts_only(ackbot_description)
[1.276s] INFO:colcon.colcon_core.shell:Creating package script '/home/beto/ackbot_ws/install/ackbot_description/share/ackbot_description/package.ps1'
[1.276s] INFO:colcon.colcon_core.shell:Creating package descriptor '/home/beto/ackbot_ws/install/ackbot_description/share/ackbot_description/package.dsv'
[1.276s] INFO:colcon.colcon_core.shell:Creating package script '/home/beto/ackbot_ws/install/ackbot_description/share/ackbot_description/package.sh'
[1.276s] INFO:colcon.colcon_core.shell:Creating package script '/home/beto/ackbot_ws/install/ackbot_description/share/ackbot_description/package.bash'
[1.276s] INFO:colcon.colcon_core.shell:Creating package script '/home/beto/ackbot_ws/install/ackbot_description/share/ackbot_description/package.zsh'
[1.276s] Level 1:colcon.colcon_core.environment:create_file_with_runtime_dependencies(/home/beto/ackbot_ws/install/ackbot_description/share/colcon-core/packages/ackbot_description)
[1.277s] Level 1:colcon.colcon_core.environment:checking '/home/beto/ackbot_ws/install/webcam_feed' for CMake module files
[1.278s] DEBUG:colcon.colcon_core.event_handler.log_command:Invoked command in '/home/beto/ackbot_ws/src/webcam_feed' returned '0': PYTHONPATH=/home/beto/ackbot_ws/build/webcam_feed/prefix_override:/usr/lib/python3/dist-packages/colcon_core/task/python/colcon_distutils_commands:/home/beto/ackbot_ws/install/webcam_feed/lib/python3.10/site-packages:${PYTHONPATH} /usr/bin/python3 -W ignore:setup.py install is deprecated setup.py egg_info --egg-base ../../build/webcam_feed build --build-base /home/beto/ackbot_ws/build/webcam_feed/build install --record /home/beto/ackbot_ws/build/webcam_feed/install.log --single-version-externally-managed install_data
[1.278s] Level 1:colcon.colcon_core.environment:checking '/home/beto/ackbot_ws/install/webcam_feed' for CMake config files
[1.278s] Level 1:colcon.colcon_core.environment:checking '/home/beto/ackbot_ws/install/webcam_feed/lib'
[1.278s] Level 1:colcon.colcon_core.environment:checking '/home/beto/ackbot_ws/install/webcam_feed/bin'
[1.278s] Level 1:colcon.colcon_core.environment:checking '/home/beto/ackbot_ws/install/webcam_feed/lib/pkgconfig/webcam_feed.pc'
[1.278s] Level 1:colcon.colcon_core.environment:checking '/home/beto/ackbot_ws/install/webcam_feed/lib/python3.10/site-packages'
[1.278s] Level 1:colcon.colcon_core.shell:create_environment_hook('webcam_feed', 'pythonpath')
[1.278s] INFO:colcon.colcon_core.shell:Creating environment hook '/home/beto/ackbot_ws/install/webcam_feed/share/webcam_feed/hook/pythonpath.ps1'
[1.279s] INFO:colcon.colcon_core.shell:Creating environment descriptor '/home/beto/ackbot_ws/install/webcam_feed/share/webcam_feed/hook/pythonpath.dsv'
[1.279s] INFO:colcon.colcon_core.shell:Creating environment hook '/home/beto/ackbot_ws/install/webcam_feed/share/webcam_feed/hook/pythonpath.sh'
[1.279s] Level 1:colcon.colcon_core.environment:checking '/home/beto/ackbot_ws/install/webcam_feed/bin'
[1.279s] Level 1:colcon.colcon_core.environment:create_environment_scripts_only(webcam_feed)
[1.279s] INFO:colcon.colcon_core.shell:Creating package script '/home/beto/ackbot_ws/install/webcam_feed/share/webcam_feed/package.ps1'
[1.279s] INFO:colcon.colcon_core.shell:Creating package descriptor '/home/beto/ackbot_ws/install/webcam_feed/share/webcam_feed/package.dsv'
[1.280s] INFO:colcon.colcon_core.shell:Creating package script '/home/beto/ackbot_ws/install/webcam_feed/share/webcam_feed/package.sh'
[1.280s] INFO:colcon.colcon_core.shell:Creating package script '/home/beto/ackbot_ws/install/webcam_feed/share/webcam_feed/package.bash'
[1.280s] INFO:colcon.colcon_core.shell:Creating package script '/home/beto/ackbot_ws/install/webcam_feed/share/webcam_feed/package.zsh'
[1.280s] Level 1:colcon.colcon_core.environment:create_file_with_runtime_dependencies(/home/beto/ackbot_ws/install/webcam_feed/share/colcon-core/packages/webcam_feed)
[1.281s] Level 1:colcon.colcon_core.environment:checking '/home/beto/ackbot_ws/install/ps4_controller' for CMake module files
[1.282s] DEBUG:colcon.colcon_core.event_handler.log_command:Invoked command in '/home/beto/ackbot_ws/src/ps4_controller' returned '0': PYTHONPATH=/home/beto/ackbot_ws/build/ps4_controller/prefix_override:/usr/lib/python3/dist-packages/colcon_core/task/python/colcon_distutils_commands:/home/beto/ackbot_ws/install/ps4_controller/lib/python3.10/site-packages:${PYTHONPATH} /usr/bin/python3 -W ignore:setup.py install is deprecated setup.py egg_info --egg-base ../../build/ps4_controller build --build-base /home/beto/ackbot_ws/build/ps4_controller/build install --record /home/beto/ackbot_ws/build/ps4_controller/install.log --single-version-externally-managed install_data
[1.282s] Level 1:colcon.colcon_core.environment:checking '/home/beto/ackbot_ws/install/ps4_controller' for CMake config files
[1.282s] Level 1:colcon.colcon_core.environment:checking '/home/beto/ackbot_ws/install/ps4_controller/lib'
[1.282s] Level 1:colcon.colcon_core.environment:checking '/home/beto/ackbot_ws/install/ps4_controller/bin'
[1.282s] Level 1:colcon.colcon_core.environment:checking '/home/beto/ackbot_ws/install/ps4_controller/lib/pkgconfig/ps4_controller.pc'
[1.282s] Level 1:colcon.colcon_core.environment:checking '/home/beto/ackbot_ws/install/ps4_controller/lib/python3.10/site-packages'
[1.282s] Level 1:colcon.colcon_core.shell:create_environment_hook('ps4_controller', 'pythonpath')
[1.282s] INFO:colcon.colcon_core.shell:Creating environment hook '/home/beto/ackbot_ws/install/ps4_controller/share/ps4_controller/hook/pythonpath.ps1'
[1.283s] INFO:colcon.colcon_core.shell:Creating environment descriptor '/home/beto/ackbot_ws/install/ps4_controller/share/ps4_controller/hook/pythonpath.dsv'
[1.284s] INFO:colcon.colcon_core.shell:Creating environment hook '/home/beto/ackbot_ws/install/ps4_controller/share/ps4_controller/hook/pythonpath.sh'
[1.284s] Level 1:colcon.colcon_core.environment:checking '/home/beto/ackbot_ws/install/ps4_controller/bin'
[1.284s] Level 1:colcon.colcon_core.environment:create_environment_scripts_only(ps4_controller)
[1.285s] INFO:colcon.colcon_core.shell:Creating package script '/home/beto/ackbot_ws/install/ps4_controller/share/ps4_controller/package.ps1'
[1.285s] INFO:colcon.colcon_core.shell:Creating package descriptor '/home/beto/ackbot_ws/install/ps4_controller/share/ps4_controller/package.dsv'
[1.285s] INFO:colcon.colcon_core.shell:Creating package script '/home/beto/ackbot_ws/install/ps4_controller/share/ps4_controller/package.sh'
[1.286s] INFO:colcon.colcon_core.shell:Creating package script '/home/beto/ackbot_ws/install/ps4_controller/share/ps4_controller/package.bash'
[1.286s] INFO:colcon.colcon_core.shell:Creating package script '/home/beto/ackbot_ws/install/ps4_controller/share/ps4_controller/package.zsh'
[1.286s] Level 1:colcon.colcon_core.environment:create_file_with_runtime_dependencies(/home/beto/ackbot_ws/install/ps4_controller/share/colcon-core/packages/ps4_controller)
[1.286s] DEBUG:colcon.colcon_parallel_executor.executor.parallel:closing loop
[1.287s] DEBUG:colcon.colcon_parallel_executor.executor.parallel:loop closed
[1.287s] DEBUG:colcon.colcon_parallel_executor.executor.parallel:run_until_complete finished with '0'
[1.287s] DEBUG:colcon.colcon_core.event_reactor:joining thread
[1.291s] INFO:colcon.colcon_core.plugin_system:Skipping extension 'colcon_notification.desktop_notification.terminal_notifier': Not used on non-Darwin systems
[1.291s] INFO:colcon.colcon_core.plugin_system:Skipping extension 'colcon_notification.desktop_notification.win32': Not used on non-Windows systems
[1.291s] INFO:colcon.colcon_notification.desktop_notification:Sending desktop notification using 'notify2'
[1.299s] DEBUG:colcon.colcon_core.event_reactor:joined thread
[1.299s] INFO:colcon.colcon_core.shell:Creating prefix script '/home/beto/ackbot_ws/install/local_setup.ps1'
[1.300s] INFO:colcon.colcon_core.shell:Creating prefix util module '/home/beto/ackbot_ws/install/_local_setup_util_ps1.py'
[1.300s] INFO:colcon.colcon_core.shell:Creating prefix chain script '/home/beto/ackbot_ws/install/setup.ps1'
[1.301s] INFO:colcon.colcon_core.shell:Creating prefix script '/home/beto/ackbot_ws/install/local_setup.sh'
[1.301s] INFO:colcon.colcon_core.shell:Creating prefix util module '/home/beto/ackbot_ws/install/_local_setup_util_sh.py'
[1.301s] INFO:colcon.colcon_core.shell:Creating prefix chain script '/home/beto/ackbot_ws/install/setup.sh'
[1.302s] INFO:colcon.colcon_core.shell:Creating prefix script '/home/beto/ackbot_ws/install/local_setup.bash'
[1.302s] INFO:colcon.colcon_core.shell:Creating prefix chain script '/home/beto/ackbot_ws/install/setup.bash'
[1.303s] INFO:colcon.colcon_core.shell:Creating prefix script '/home/beto/ackbot_ws/install/local_setup.zsh'
[1.303s] INFO:colcon.colcon_core.shell:Creating prefix chain script '/home/beto/ackbot_ws/install/setup.zsh'
